{"/Users/daniel.paduraru/projects/PaackDemo/paack-demo/App.tsx": {"path":"/Users/daniel.paduraru/projects/PaackDemo/paack-demo/App.tsx","statementMap":{"0":{"start":{"line":32,"column":5},"end":{"line":56,"column":1}},"1":{"start":{"line":33,"column":21},"end":{"line":33,"column":48}},"2":{"start":{"line":34,"column":2},"end":{"line":55,"column":4}},"3":{"start":{"line":58,"column":12},"end":{"line":94,"column":1}},"4":{"start":{"line":59,"column":21},"end":{"line":59,"column":48}},"5":{"start":{"line":61,"column":26},"end":{"line":63,"column":3}},"6":{"start":{"line":65,"column":2},"end":{"line":93,"column":4}},"7":{"start":{"line":96,"column":15},"end":{"line":113,"column":2}}},"fnMap":{"0":{"name":"(anonymous_0)","decl":{"start":{"line":32,"column":5},"end":{"line":32,"column":6}},"loc":{"start":{"line":32,"column":28},"end":{"line":56,"column":1}},"line":32},"1":{"name":"(anonymous_1)","decl":{"start":{"line":58,"column":12},"end":{"line":58,"column":13}},"loc":{"start":{"line":58,"column":18},"end":{"line":94,"column":1}},"line":58}},"branchMap":{"0":{"loc":{"start":{"line":40,"column":19},"end":{"line":40,"column":59}},"type":"cond-expr","locations":[{"start":{"line":40,"column":32},"end":{"line":40,"column":44}},{"start":{"line":40,"column":47},"end":{"line":40,"column":59}}],"line":40},"1":{"loc":{"start":{"line":49,"column":19},"end":{"line":49,"column":58}},"type":"cond-expr","locations":[{"start":{"line":49,"column":32},"end":{"line":49,"column":44}},{"start":{"line":49,"column":47},"end":{"line":49,"column":58}}],"line":49},"2":{"loc":{"start":{"line":62,"column":21},"end":{"line":62,"column":64}},"type":"cond-expr","locations":[{"start":{"line":62,"column":34},"end":{"line":62,"column":47}},{"start":{"line":62,"column":50},"end":{"line":62,"column":64}}],"line":62},"3":{"loc":{"start":{"line":67,"column":27},"end":{"line":67,"column":72}},"type":"cond-expr","locations":[{"start":{"line":67,"column":40},"end":{"line":67,"column":55}},{"start":{"line":67,"column":58},"end":{"line":67,"column":72}}],"line":67},"4":{"loc":{"start":{"line":74,"column":29},"end":{"line":74,"column":69}},"type":"cond-expr","locations":[{"start":{"line":74,"column":42},"end":{"line":74,"column":54}},{"start":{"line":74,"column":57},"end":{"line":74,"column":69}}],"line":74}},"s":{"0":1,"1":8,"2":8,"3":1,"4":2,"5":2,"6":2,"7":1},"f":{"0":8,"1":2},"b":{"0":[0,8],"1":[0,8],"2":[0,2],"3":[0,2],"4":[0,2]},"_coverageSchema":"1a1c01bbd47fc00a2c39e90264f33305004495a9","hash":"a6ec6b5c39a9b472b4c83ce610345130b4a6b7c0"}
,"/Users/daniel.paduraru/projects/PaackDemo/paack-demo/appFiles/UI/utils.ts": {"path":"/Users/daniel.paduraru/projects/PaackDemo/paack-demo/appFiles/UI/utils.ts","statementMap":{"0":{"start":{"line":6,"column":12},"end":{"line":15,"column":3}},"1":{"start":{"line":7,"column":2},"end":{"line":15,"column":3}},"2":{"start":{"line":17,"column":17},"end":{"line":17,"column":39}},"3":{"start":{"line":18,"column":14},"end":{"line":18,"column":35}},"4":{"start":{"line":19,"column":20},"end":{"line":19,"column":50}},"5":{"start":{"line":21,"column":2},"end":{"line":25,"column":7}},"6":{"start":{"line":26,"column":28},"end":{"line":33,"column":1}},"7":{"start":{"line":28,"column":20},"end":{"line":28,"column":64}},"8":{"start":{"line":32,"column":2},"end":{"line":32,"column":73}},"9":{"start":{"line":34,"column":29},"end":{"line":41,"column":1}},"10":{"start":{"line":36,"column":21},"end":{"line":36,"column":65}},"11":{"start":{"line":40,"column":2},"end":{"line":40,"column":75}},"12":{"start":{"line":42,"column":20},"end":{"line":42,"column":78}},"13":{"start":{"line":44,"column":21},"end":{"line":47,"column":23}},"14":{"start":{"line":45,"column":2},"end":{"line":47,"column":23}},"15":{"start":{"line":46,"column":23},"end":{"line":46,"column":31}},"16":{"start":{"line":47,"column":19},"end":{"line":47,"column":22}}},"fnMap":{"0":{"name":"(anonymous_0)","decl":{"start":{"line":6,"column":12},"end":{"line":6,"column":13}},"loc":{"start":{"line":7,"column":2},"end":{"line":15,"column":3}},"line":7},"1":{"name":"(anonymous_1)","decl":{"start":{"line":26,"column":28},"end":{"line":26,"column":29}},"loc":{"start":{"line":26,"column":53},"end":{"line":33,"column":1}},"line":26},"2":{"name":"(anonymous_2)","decl":{"start":{"line":34,"column":29},"end":{"line":34,"column":30}},"loc":{"start":{"line":34,"column":54},"end":{"line":41,"column":1}},"line":34},"3":{"name":"(anonymous_3)","decl":{"start":{"line":44,"column":21},"end":{"line":44,"column":22}},"loc":{"start":{"line":45,"column":2},"end":{"line":47,"column":23}},"line":45},"4":{"name":"(anonymous_4)","decl":{"start":{"line":46,"column":11},"end":{"line":46,"column":12}},"loc":{"start":{"line":46,"column":23},"end":{"line":46,"column":31}},"line":46},"5":{"name":"(anonymous_5)","decl":{"start":{"line":47,"column":12},"end":{"line":47,"column":13}},"loc":{"start":{"line":47,"column":19},"end":{"line":47,"column":22}},"line":47}},"branchMap":{"0":{"loc":{"start":{"line":21,"column":2},"end":{"line":25,"column":7}},"type":"cond-expr","locations":[{"start":{"line":22,"column":6},"end":{"line":22,"column":37}},{"start":{"line":23,"column":6},"end":{"line":25,"column":7}}],"line":21},"1":{"loc":{"start":{"line":28,"column":20},"end":{"line":28,"column":64}},"type":"cond-expr","locations":[{"start":{"line":28,"column":45},"end":{"line":28,"column":47}},{"start":{"line":28,"column":50},"end":{"line":28,"column":64}}],"line":28},"2":{"loc":{"start":{"line":36,"column":21},"end":{"line":36,"column":65}},"type":"cond-expr","locations":[{"start":{"line":36,"column":46},"end":{"line":36,"column":48}},{"start":{"line":36,"column":51},"end":{"line":36,"column":65}}],"line":36}},"s":{"0":11,"1":3,"2":11,"3":11,"4":11,"5":11,"6":11,"7":11,"8":11,"9":11,"10":11,"11":11,"12":11,"13":11,"14":2,"15":0,"16":0},"f":{"0":3,"1":11,"2":11,"3":2,"4":0,"5":0},"b":{"0":[11,0],"1":[0,11],"2":[0,11]},"_coverageSchema":"1a1c01bbd47fc00a2c39e90264f33305004495a9","hash":"ea704b5cacbc569c13fae0c3121f0345c364cc16"}
,"/Users/daniel.paduraru/projects/PaackDemo/paack-demo/appFiles/UI/components/LocationCard.tsx": {"path":"/Users/daniel.paduraru/projects/PaackDemo/paack-demo/appFiles/UI/components/LocationCard.tsx","statementMap":{"0":{"start":{"line":15,"column":0},"end":{"line":22,"column":3}},"1":{"start":{"line":24,"column":28},"end":{"line":130,"column":1}},"2":{"start":{"line":25,"column":49},"end":{"line":27,"column":3}},"3":{"start":{"line":26,"column":20},"end":{"line":26,"column":36}},"4":{"start":{"line":28,"column":24},"end":{"line":28,"column":37}},"5":{"start":{"line":37,"column":6},"end":{"line":37,"column":12}},"6":{"start":{"line":39,"column":52},"end":{"line":39,"column":67}},"7":{"start":{"line":41,"column":25},"end":{"line":45,"column":4}},"8":{"start":{"line":41,"column":32},"end":{"line":45,"column":3}},"9":{"start":{"line":47,"column":37},"end":{"line":57,"column":25}},"10":{"start":{"line":48,"column":40},"end":{"line":48,"column":46}},"11":{"start":{"line":49,"column":4},"end":{"line":56,"column":13}},"12":{"start":{"line":59,"column":33},"end":{"line":64,"column":3}},"13":{"start":{"line":60,"column":4},"end":{"line":60,"column":31}},"14":{"start":{"line":61,"column":4},"end":{"line":63,"column":7}},"15":{"start":{"line":62,"column":6},"end":{"line":62,"column":34}},"16":{"start":{"line":66,"column":2},"end":{"line":129,"column":4}},"17":{"start":{"line":132,"column":15},"end":{"line":200,"column":2}}},"fnMap":{"0":{"name":"(anonymous_0)","decl":{"start":{"line":24,"column":28},"end":{"line":24,"column":29}},"loc":{"start":{"line":24,"column":34},"end":{"line":130,"column":1}},"line":24},"1":{"name":"(anonymous_1)","decl":{"start":{"line":26,"column":4},"end":{"line":26,"column":5}},"loc":{"start":{"line":26,"column":20},"end":{"line":26,"column":36}},"line":26},"2":{"name":"(anonymous_2)","decl":{"start":{"line":41,"column":25},"end":{"line":41,"column":26}},"loc":{"start":{"line":41,"column":32},"end":{"line":45,"column":3}},"line":41},"3":{"name":"(anonymous_3)","decl":{"start":{"line":47,"column":49},"end":{"line":47,"column":50}},"loc":{"start":{"line":47,"column":55},"end":{"line":57,"column":3}},"line":47},"4":{"name":"(anonymous_4)","decl":{"start":{"line":59,"column":33},"end":{"line":59,"column":34}},"loc":{"start":{"line":59,"column":39},"end":{"line":64,"column":3}},"line":59},"5":{"name":"(anonymous_5)","decl":{"start":{"line":61,"column":23},"end":{"line":61,"column":24}},"loc":{"start":{"line":61,"column":29},"end":{"line":63,"column":5}},"line":61}},"branchMap":{"0":{"loc":{"start":{"line":49,"column":11},"end":{"line":56,"column":12}},"type":"cond-expr","locations":[{"start":{"line":50,"column":6},"end":{"line":55,"column":8}},{"start":{"line":56,"column":8},"end":{"line":56,"column":12}}],"line":49},"1":{"loc":{"start":{"line":68,"column":7},"end":{"line":127,"column":7}},"type":"cond-expr","locations":[{"start":{"line":69,"column":8},"end":{"line":122,"column":15}},{"start":{"line":124,"column":8},"end":{"line":126,"column":15}}],"line":68},"2":{"loc":{"start":{"line":68,"column":7},"end":{"line":68,"column":45}},"type":"binary-expr","locations":[{"start":{"line":68,"column":7},"end":{"line":68,"column":28}},{"start":{"line":68,"column":32},"end":{"line":68,"column":45}}],"line":68}},"s":{"0":2,"1":2,"2":2,"3":0,"4":2,"5":2,"6":2,"7":2,"8":4,"9":2,"10":2,"11":2,"12":2,"13":1,"14":1,"15":0,"16":2,"17":2},"f":{"0":2,"1":0,"2":4,"3":2,"4":1,"5":0},"b":{"0":[1,1],"1":[2,0],"2":[2,2]},"_coverageSchema":"1a1c01bbd47fc00a2c39e90264f33305004495a9","hash":"9ac6d8b3fc32da99c439ac2f9dc7c820718170af"}
,"/Users/daniel.paduraru/projects/PaackDemo/paack-demo/appFiles/UI/components/RenderField.tsx": {"path":"/Users/daniel.paduraru/projects/PaackDemo/paack-demo/appFiles/UI/components/RenderField.tsx","statementMap":{"0":{"start":{"line":11,"column":27},"end":{"line":27,"column":1}},"1":{"start":{"line":12,"column":55},"end":{"line":12,"column":60}},"2":{"start":{"line":14,"column":4},"end":{"line":14,"column":10}},"3":{"start":{"line":15,"column":2},"end":{"line":26,"column":4}},"4":{"start":{"line":28,"column":15},"end":{"line":52,"column":2}}},"fnMap":{"0":{"name":"(anonymous_0)","decl":{"start":{"line":11,"column":27},"end":{"line":11,"column":28}},"loc":{"start":{"line":11,"column":56},"end":{"line":27,"column":1}},"line":11}},"branchMap":{},"s":{"0":3,"1":14,"2":14,"3":14,"4":3},"f":{"0":14},"b":{},"_coverageSchema":"1a1c01bbd47fc00a2c39e90264f33305004495a9","hash":"30b1defe58a991231a2e4a85ef42a6ef416c6d8c"}
,"/Users/daniel.paduraru/projects/PaackDemo/paack-demo/appFiles/UI/components/buttonsActivityIndicator.tsx": {"path":"/Users/daniel.paduraru/projects/PaackDemo/paack-demo/appFiles/UI/components/buttonsActivityIndicator.tsx","statementMap":{"0":{"start":{"line":10,"column":41},"end":{"line":23,"column":1}},"1":{"start":{"line":15,"column":36},"end":{"line":15,"column":42}},"2":{"start":{"line":16,"column":2},"end":{"line":22,"column":11}},"3":{"start":{"line":24,"column":15},"end":{"line":26,"column":2}}},"fnMap":{"0":{"name":"(anonymous_0)","decl":{"start":{"line":10,"column":41},"end":{"line":10,"column":42}},"loc":{"start":{"line":14,"column":5},"end":{"line":23,"column":1}},"line":14}},"branchMap":{"0":{"loc":{"start":{"line":12,"column":2},"end":{"line":12,"column":16}},"type":"default-arg","locations":[{"start":{"line":12,"column":9},"end":{"line":12,"column":16}}],"line":12},"1":{"loc":{"start":{"line":13,"column":2},"end":{"line":13,"column":19}},"type":"default-arg","locations":[{"start":{"line":13,"column":10},"end":{"line":13,"column":19}}],"line":13},"2":{"loc":{"start":{"line":16,"column":9},"end":{"line":22,"column":10}},"type":"cond-expr","locations":[{"start":{"line":17,"column":4},"end":{"line":21,"column":6}},{"start":{"line":22,"column":6},"end":{"line":22,"column":10}}],"line":16}},"s":{"0":3,"1":6,"2":6,"3":3},"f":{"0":6},"b":{"0":[6],"1":[6],"2":[3,3]},"_coverageSchema":"1a1c01bbd47fc00a2c39e90264f33305004495a9","hash":"82b56ee7ab4f18a419cfcc50812e17532f8def93"}
,"/Users/daniel.paduraru/projects/PaackDemo/paack-demo/appFiles/UI/components/index.ts": {"path":"/Users/daniel.paduraru/projects/PaackDemo/paack-demo/appFiles/UI/components/index.ts","statementMap":{},"fnMap":{},"branchMap":{},"s":{},"f":{},"b":{},"_coverageSchema":"1a1c01bbd47fc00a2c39e90264f33305004495a9","hash":"ce9a0f467dc871e83668b77e9028213096d18c4d"}
,"/Users/daniel.paduraru/projects/PaackDemo/paack-demo/appFiles/UI/components/modals/InfoModal.tsx": {"path":"/Users/daniel.paduraru/projects/PaackDemo/paack-demo/appFiles/UI/components/modals/InfoModal.tsx","statementMap":{"0":{"start":{"line":10,"column":18},"end":{"line":48,"column":1}},"1":{"start":{"line":13,"column":6},"end":{"line":13,"column":53}},"2":{"start":{"line":13,"column":34},"end":{"line":13,"column":52}},"3":{"start":{"line":14,"column":19},"end":{"line":14,"column":32}},"4":{"start":{"line":15,"column":31},"end":{"line":15,"column":38}},"5":{"start":{"line":16,"column":72},"end":{"line":16,"column":78}},"6":{"start":{"line":17,"column":23},"end":{"line":21,"column":3}},"7":{"start":{"line":18,"column":4},"end":{"line":20,"column":5}},"8":{"start":{"line":19,"column":6},"end":{"line":19,"column":33}},"9":{"start":{"line":23,"column":2},"end":{"line":47,"column":11}},"10":{"start":{"line":31,"column":29},"end":{"line":31,"column":43}},"11":{"start":{"line":49,"column":15},"end":{"line":93,"column":2}}},"fnMap":{"0":{"name":"(anonymous_0)","decl":{"start":{"line":10,"column":18},"end":{"line":10,"column":19}},"loc":{"start":{"line":10,"column":24},"end":{"line":48,"column":1}},"line":10},"1":{"name":"(anonymous_1)","decl":{"start":{"line":13,"column":18},"end":{"line":13,"column":19}},"loc":{"start":{"line":13,"column":34},"end":{"line":13,"column":52}},"line":13},"2":{"name":"(anonymous_2)","decl":{"start":{"line":17,"column":23},"end":{"line":17,"column":24}},"loc":{"start":{"line":17,"column":29},"end":{"line":21,"column":3}},"line":17},"3":{"name":"(anonymous_3)","decl":{"start":{"line":31,"column":23},"end":{"line":31,"column":24}},"loc":{"start":{"line":31,"column":29},"end":{"line":31,"column":43}},"line":31}},"branchMap":{"0":{"loc":{"start":{"line":18,"column":4},"end":{"line":20,"column":5}},"type":"if","locations":[{"start":{"line":18,"column":4},"end":{"line":20,"column":5}},{"start":{},"end":{}}],"line":18},"1":{"loc":{"start":{"line":23,"column":9},"end":{"line":47,"column":10}},"type":"cond-expr","locations":[{"start":{"line":24,"column":4},"end":{"line":46,"column":12}},{"start":{"line":47,"column":6},"end":{"line":47,"column":10}}],"line":23}},"s":{"0":1,"1":1,"2":0,"3":1,"4":1,"5":1,"6":1,"7":0,"8":0,"9":1,"10":0,"11":1},"f":{"0":1,"1":0,"2":0,"3":0},"b":{"0":[0,0],"1":[1,0]},"_coverageSchema":"1a1c01bbd47fc00a2c39e90264f33305004495a9","hash":"6d42e83b663ed80620ceed1ef92e338fc0c28291"}
,"/Users/daniel.paduraru/projects/PaackDemo/paack-demo/appFiles/UI/components/modals/LoadingModal.tsx": {"path":"/Users/daniel.paduraru/projects/PaackDemo/paack-demo/appFiles/UI/components/modals/LoadingModal.tsx","statementMap":{"0":{"start":{"line":10,"column":21},"end":{"line":48,"column":1}},"1":{"start":{"line":13,"column":6},"end":{"line":13,"column":53}},"2":{"start":{"line":13,"column":34},"end":{"line":13,"column":52}},"3":{"start":{"line":14,"column":19},"end":{"line":14,"column":32}},"4":{"start":{"line":15,"column":39},"end":{"line":15,"column":45}},"5":{"start":{"line":17,"column":23},"end":{"line":21,"column":3}},"6":{"start":{"line":18,"column":4},"end":{"line":20,"column":5}},"7":{"start":{"line":19,"column":6},"end":{"line":19,"column":36}},"8":{"start":{"line":23,"column":2},"end":{"line":47,"column":4}},"9":{"start":{"line":31,"column":29},"end":{"line":31,"column":43}},"10":{"start":{"line":49,"column":15},"end":{"line":68,"column":2}}},"fnMap":{"0":{"name":"(anonymous_0)","decl":{"start":{"line":10,"column":21},"end":{"line":10,"column":22}},"loc":{"start":{"line":10,"column":27},"end":{"line":48,"column":1}},"line":10},"1":{"name":"(anonymous_1)","decl":{"start":{"line":13,"column":18},"end":{"line":13,"column":19}},"loc":{"start":{"line":13,"column":34},"end":{"line":13,"column":52}},"line":13},"2":{"name":"(anonymous_2)","decl":{"start":{"line":17,"column":23},"end":{"line":17,"column":24}},"loc":{"start":{"line":17,"column":29},"end":{"line":21,"column":3}},"line":17},"3":{"name":"(anonymous_3)","decl":{"start":{"line":31,"column":23},"end":{"line":31,"column":24}},"loc":{"start":{"line":31,"column":29},"end":{"line":31,"column":43}},"line":31}},"branchMap":{"0":{"loc":{"start":{"line":18,"column":4},"end":{"line":20,"column":5}},"type":"if","locations":[{"start":{"line":18,"column":4},"end":{"line":20,"column":5}},{"start":{},"end":{}}],"line":18}},"s":{"0":1,"1":1,"2":0,"3":1,"4":1,"5":1,"6":0,"7":0,"8":1,"9":0,"10":1},"f":{"0":1,"1":0,"2":0,"3":0},"b":{"0":[0,0]},"_coverageSchema":"1a1c01bbd47fc00a2c39e90264f33305004495a9","hash":"7f0e67c27e9c297cd1f0c190708fa6773d63ee80"}
,"/Users/daniel.paduraru/projects/PaackDemo/paack-demo/appFiles/appStore/store.ts": {"path":"/Users/daniel.paduraru/projects/PaackDemo/paack-demo/appFiles/appStore/store.ts","statementMap":{"0":{"start":{"line":6,"column":25},"end":{"line":6,"column":66}},"1":{"start":{"line":7,"column":21},"end":{"line":7,"column":74}},"2":{"start":{"line":8,"column":25},"end":{"line":8,"column":44}}},"fnMap":{},"branchMap":{},"s":{"0":7,"1":7,"2":7},"f":{},"b":{},"_coverageSchema":"1a1c01bbd47fc00a2c39e90264f33305004495a9","hash":"d468232219c047d9209ab5b06fa6c88000025b3d"}
,"/Users/daniel.paduraru/projects/PaackDemo/paack-demo/appFiles/appStore/actions/actionTypes.ts": {"path":"/Users/daniel.paduraru/projects/PaackDemo/paack-demo/appFiles/appStore/actions/actionTypes.ts","statementMap":{"0":{"start":{"line":2,"column":37},"end":{"line":2,"column":60}},"1":{"start":{"line":3,"column":38},"end":{"line":3,"column":62}},"2":{"start":{"line":4,"column":33},"end":{"line":4,"column":52}},"3":{"start":{"line":5,"column":33},"end":{"line":5,"column":52}},"4":{"start":{"line":7,"column":34},"end":{"line":7,"column":54}},"5":{"start":{"line":8,"column":35},"end":{"line":8,"column":56}},"6":{"start":{"line":9,"column":31},"end":{"line":9,"column":48}},"7":{"start":{"line":10,"column":32},"end":{"line":10,"column":50}},"8":{"start":{"line":13,"column":27},"end":{"line":13,"column":40}}},"fnMap":{},"branchMap":{},"s":{"0":9,"1":9,"2":9,"3":9,"4":9,"5":9,"6":9,"7":9,"8":9},"f":{},"b":{},"_coverageSchema":"1a1c01bbd47fc00a2c39e90264f33305004495a9","hash":"e261c08f12c91be2af87cf580925aec5f6200e4c"}
,"/Users/daniel.paduraru/projects/PaackDemo/paack-demo/appFiles/appStore/actions/appActions.ts": {"path":"/Users/daniel.paduraru/projects/PaackDemo/paack-demo/appFiles/appStore/actions/appActions.ts","statementMap":{"0":{"start":{"line":9,"column":35},"end":{"line":13,"column":1}},"1":{"start":{"line":10,"column":2},"end":{"line":12,"column":4}},"2":{"start":{"line":11,"column":4},"end":{"line":11,"column":75}},"3":{"start":{"line":15,"column":38},"end":{"line":19,"column":1}},"4":{"start":{"line":16,"column":2},"end":{"line":18,"column":4}},"5":{"start":{"line":17,"column":4},"end":{"line":17,"column":64}},"6":{"start":{"line":22,"column":2},"end":{"line":23,"column":62}},"7":{"start":{"line":22,"column":28},"end":{"line":23,"column":62}},"8":{"start":{"line":23,"column":4},"end":{"line":23,"column":62}},"9":{"start":{"line":29,"column":2},"end":{"line":30,"column":62}},"10":{"start":{"line":29,"column":41},"end":{"line":30,"column":62}},"11":{"start":{"line":30,"column":4},"end":{"line":30,"column":62}}},"fnMap":{"0":{"name":"(anonymous_0)","decl":{"start":{"line":9,"column":35},"end":{"line":9,"column":36}},"loc":{"start":{"line":9,"column":70},"end":{"line":13,"column":1}},"line":9},"1":{"name":"(anonymous_1)","decl":{"start":{"line":10,"column":9},"end":{"line":10,"column":10}},"loc":{"start":{"line":10,"column":36},"end":{"line":12,"column":3}},"line":10},"2":{"name":"(anonymous_2)","decl":{"start":{"line":15,"column":38},"end":{"line":15,"column":39}},"loc":{"start":{"line":15,"column":60},"end":{"line":19,"column":1}},"line":15},"3":{"name":"(anonymous_3)","decl":{"start":{"line":16,"column":9},"end":{"line":16,"column":10}},"loc":{"start":{"line":16,"column":36},"end":{"line":18,"column":3}},"line":16},"4":{"name":"(anonymous_4)","decl":{"start":{"line":22,"column":2},"end":{"line":22,"column":3}},"loc":{"start":{"line":22,"column":28},"end":{"line":23,"column":62}},"line":22},"5":{"name":"(anonymous_5)","decl":{"start":{"line":22,"column":28},"end":{"line":22,"column":29}},"loc":{"start":{"line":23,"column":4},"end":{"line":23,"column":62}},"line":23},"6":{"name":"(anonymous_6)","decl":{"start":{"line":29,"column":2},"end":{"line":29,"column":3}},"loc":{"start":{"line":29,"column":41},"end":{"line":30,"column":62}},"line":29},"7":{"name":"(anonymous_7)","decl":{"start":{"line":29,"column":41},"end":{"line":29,"column":42}},"loc":{"start":{"line":30,"column":4},"end":{"line":30,"column":62}},"line":30}},"branchMap":{},"s":{"0":4,"1":1,"2":1,"3":4,"4":1,"5":1,"6":4,"7":1,"8":1,"9":4,"10":1,"11":1},"f":{"0":1,"1":1,"2":1,"3":1,"4":1,"5":1,"6":1,"7":1},"b":{},"_coverageSchema":"1a1c01bbd47fc00a2c39e90264f33305004495a9","hash":"62c6b7291e62d0ff922cf55a45f4d03e99eb391e"}
,"/Users/daniel.paduraru/projects/PaackDemo/paack-demo/appFiles/appStore/actions/modalActions.ts": {"path":"/Users/daniel.paduraru/projects/PaackDemo/paack-demo/appFiles/appStore/actions/modalActions.ts","statementMap":{"0":{"start":{"line":10,"column":32},"end":{"line":14,"column":1}},"1":{"start":{"line":11,"column":2},"end":{"line":13,"column":4}},"2":{"start":{"line":12,"column":4},"end":{"line":12,"column":41}},"3":{"start":{"line":15,"column":33},"end":{"line":19,"column":1}},"4":{"start":{"line":16,"column":2},"end":{"line":18,"column":4}},"5":{"start":{"line":17,"column":4},"end":{"line":17,"column":42}},"6":{"start":{"line":21,"column":29},"end":{"line":28,"column":1}},"7":{"start":{"line":22,"column":2},"end":{"line":27,"column":4}},"8":{"start":{"line":23,"column":4},"end":{"line":26,"column":7}},"9":{"start":{"line":29,"column":30},"end":{"line":33,"column":1}},"10":{"start":{"line":30,"column":2},"end":{"line":32,"column":4}},"11":{"start":{"line":31,"column":4},"end":{"line":31,"column":39}}},"fnMap":{"0":{"name":"(anonymous_0)","decl":{"start":{"line":10,"column":32},"end":{"line":10,"column":33}},"loc":{"start":{"line":10,"column":38},"end":{"line":14,"column":1}},"line":10},"1":{"name":"(anonymous_1)","decl":{"start":{"line":11,"column":9},"end":{"line":11,"column":10}},"loc":{"start":{"line":11,"column":36},"end":{"line":13,"column":3}},"line":11},"2":{"name":"(anonymous_2)","decl":{"start":{"line":15,"column":33},"end":{"line":15,"column":34}},"loc":{"start":{"line":15,"column":39},"end":{"line":19,"column":1}},"line":15},"3":{"name":"(anonymous_3)","decl":{"start":{"line":16,"column":9},"end":{"line":16,"column":10}},"loc":{"start":{"line":16,"column":36},"end":{"line":18,"column":3}},"line":16},"4":{"name":"(anonymous_4)","decl":{"start":{"line":21,"column":29},"end":{"line":21,"column":30}},"loc":{"start":{"line":21,"column":52},"end":{"line":28,"column":1}},"line":21},"5":{"name":"(anonymous_5)","decl":{"start":{"line":22,"column":9},"end":{"line":22,"column":10}},"loc":{"start":{"line":22,"column":36},"end":{"line":27,"column":3}},"line":22},"6":{"name":"(anonymous_6)","decl":{"start":{"line":29,"column":30},"end":{"line":29,"column":31}},"loc":{"start":{"line":29,"column":36},"end":{"line":33,"column":1}},"line":29},"7":{"name":"(anonymous_7)","decl":{"start":{"line":30,"column":9},"end":{"line":30,"column":10}},"loc":{"start":{"line":30,"column":36},"end":{"line":32,"column":3}},"line":30}},"branchMap":{},"s":{"0":6,"1":3,"2":1,"3":6,"4":3,"5":1,"6":6,"7":1,"8":1,"9":6,"10":1,"11":1},"f":{"0":3,"1":1,"2":3,"3":1,"4":1,"5":1,"6":1,"7":1},"b":{},"_coverageSchema":"1a1c01bbd47fc00a2c39e90264f33305004495a9","hash":"378e785fbdfa86f870ae1efe68c12d67c79de0dc"}
,"/Users/daniel.paduraru/projects/PaackDemo/paack-demo/appFiles/appStore/reducers/appReducer.ts": {"path":"/Users/daniel.paduraru/projects/PaackDemo/paack-demo/appFiles/appStore/reducers/appReducer.ts","statementMap":{"0":{"start":{"line":16,"column":2},"end":{"line":31,"column":3}},"1":{"start":{"line":18,"column":6},"end":{"line":18,"column":63}},"2":{"start":{"line":21,"column":6},"end":{"line":21,"column":60}},"3":{"start":{"line":24,"column":6},"end":{"line":24,"column":54}},"4":{"start":{"line":27,"column":6},"end":{"line":27,"column":55}},"5":{"start":{"line":30,"column":6},"end":{"line":30,"column":19}}},"fnMap":{"0":{"name":"(anonymous_0)","decl":{"start":{"line":9,"column":15},"end":{"line":9,"column":16}},"loc":{"start":{"line":15,"column":5},"end":{"line":32,"column":1}},"line":15}},"branchMap":{"0":{"loc":{"start":{"line":10,"column":2},"end":{"line":10,"column":35}},"type":"default-arg","locations":[{"start":{"line":10,"column":10},"end":{"line":10,"column":35}}],"line":10},"1":{"loc":{"start":{"line":16,"column":2},"end":{"line":31,"column":3}},"type":"switch","locations":[{"start":{"line":17,"column":4},"end":{"line":19,"column":5}},{"start":{"line":20,"column":4},"end":{"line":22,"column":5}},{"start":{"line":23,"column":4},"end":{"line":25,"column":5}},{"start":{"line":26,"column":4},"end":{"line":28,"column":5}},{"start":{"line":29,"column":4},"end":{"line":30,"column":19}}],"line":16}},"s":{"0":36,"1":1,"2":1,"3":1,"4":1,"5":32},"f":{"0":36},"b":{"0":[24],"1":[1,1,1,1,32]},"_coverageSchema":"1a1c01bbd47fc00a2c39e90264f33305004495a9","hash":"bf01b658e6df8e636db56f009fda3e39a451e9da"}
,"/Users/daniel.paduraru/projects/PaackDemo/paack-demo/appFiles/appStore/reducers/index.ts": {"path":"/Users/daniel.paduraru/projects/PaackDemo/paack-demo/appFiles/appStore/reducers/index.ts","statementMap":{"0":{"start":{"line":7,"column":29},"end":{"line":13,"column":1}},"1":{"start":{"line":15,"column":27},"end":{"line":18,"column":2}},"2":{"start":{"line":20,"column":20},"end":{"line":42,"column":1}},"3":{"start":{"line":37,"column":19},"end":{"line":37,"column":52}},"4":{"start":{"line":38,"column":2},"end":{"line":40,"column":3}},"5":{"start":{"line":39,"column":4},"end":{"line":39,"column":53}},"6":{"start":{"line":41,"column":2},"end":{"line":41,"column":20}}},"fnMap":{"0":{"name":"(anonymous_0)","decl":{"start":{"line":20,"column":20},"end":{"line":20,"column":21}},"loc":{"start":{"line":36,"column":5},"end":{"line":42,"column":1}},"line":36}},"branchMap":{"0":{"loc":{"start":{"line":38,"column":2},"end":{"line":40,"column":3}},"type":"if","locations":[{"start":{"line":38,"column":2},"end":{"line":40,"column":3}},{"start":{},"end":{}}],"line":38}},"s":{"0":8,"1":8,"2":8,"3":15,"4":15,"5":1,"6":15},"f":{"0":15},"b":{"0":[1,14]},"_coverageSchema":"1a1c01bbd47fc00a2c39e90264f33305004495a9","hash":"973405f99f2813ed1745c53aaf84114ebe40f5cf"}
,"/Users/daniel.paduraru/projects/PaackDemo/paack-demo/appFiles/appStore/reducers/modalReducer.ts": {"path":"/Users/daniel.paduraru/projects/PaackDemo/paack-demo/appFiles/appStore/reducers/modalReducer.ts","statementMap":{"0":{"start":{"line":16,"column":2},"end":{"line":45,"column":3}},"1":{"start":{"line":18,"column":6},"end":{"line":21,"column":8}},"2":{"start":{"line":24,"column":6},"end":{"line":27,"column":8}},"3":{"start":{"line":29,"column":6},"end":{"line":35,"column":8}},"4":{"start":{"line":38,"column":6},"end":{"line":41,"column":8}},"5":{"start":{"line":44,"column":6},"end":{"line":44,"column":19}}},"fnMap":{"0":{"name":"(anonymous_0)","decl":{"start":{"line":9,"column":15},"end":{"line":9,"column":16}},"loc":{"start":{"line":15,"column":5},"end":{"line":46,"column":1}},"line":15}},"branchMap":{"0":{"loc":{"start":{"line":10,"column":2},"end":{"line":10,"column":37}},"type":"default-arg","locations":[{"start":{"line":10,"column":10},"end":{"line":10,"column":37}}],"line":10},"1":{"loc":{"start":{"line":16,"column":2},"end":{"line":45,"column":3}},"type":"switch","locations":[{"start":{"line":17,"column":4},"end":{"line":21,"column":8}},{"start":{"line":23,"column":4},"end":{"line":27,"column":8}},{"start":{"line":28,"column":4},"end":{"line":35,"column":8}},{"start":{"line":37,"column":4},"end":{"line":41,"column":8}},{"start":{"line":43,"column":4},"end":{"line":44,"column":19}}],"line":16}},"s":{"0":36,"1":1,"2":1,"3":1,"4":1,"5":32},"f":{"0":36},"b":{"0":[24],"1":[1,1,1,1,32]},"_coverageSchema":"1a1c01bbd47fc00a2c39e90264f33305004495a9","hash":"731380c12806d466436cb3fe9018678cd579d75f"}
,"/Users/daniel.paduraru/projects/PaackDemo/paack-demo/appFiles/appStore/reducers/default/appReducerDefault.ts": {"path":"/Users/daniel.paduraru/projects/PaackDemo/paack-demo/appFiles/appStore/reducers/default/appReducerDefault.ts","statementMap":{"0":{"start":{"line":1,"column":26},"end":{"line":14,"column":1}}},"fnMap":{},"branchMap":{},"s":{"0":11},"f":{},"b":{},"_coverageSchema":"1a1c01bbd47fc00a2c39e90264f33305004495a9","hash":"5d89396cd7ec83728e1b07c55212b3039e0df43f"}
,"/Users/daniel.paduraru/projects/PaackDemo/paack-demo/appFiles/appStore/reducers/default/index.ts": {"path":"/Users/daniel.paduraru/projects/PaackDemo/paack-demo/appFiles/appStore/reducers/default/index.ts","statementMap":{"0":{"start":{"line":3,"column":30},"end":{"line":6,"column":1}}},"fnMap":{},"branchMap":{},"s":{"0":11},"f":{},"b":{},"_coverageSchema":"1a1c01bbd47fc00a2c39e90264f33305004495a9","hash":"f895e0b3381ee06cbab6ee25d09672b78f48c1ad"}
,"/Users/daniel.paduraru/projects/PaackDemo/paack-demo/appFiles/appStore/reducers/default/modalReducerDefault.ts": {"path":"/Users/daniel.paduraru/projects/PaackDemo/paack-demo/appFiles/appStore/reducers/default/modalReducerDefault.ts","statementMap":{"0":{"start":{"line":1,"column":28},"end":{"line":16,"column":1}}},"fnMap":{},"branchMap":{},"s":{"0":11},"f":{},"b":{},"_coverageSchema":"1a1c01bbd47fc00a2c39e90264f33305004495a9","hash":"bae3781aa1c70ce7117f581e9ccde51a66ce7e75"}
,"/Users/daniel.paduraru/projects/PaackDemo/paack-demo/appFiles/hooks/useLocation.ts": {"path":"/Users/daniel.paduraru/projects/PaackDemo/paack-demo/appFiles/hooks/useLocation.ts","statementMap":{"0":{"start":{"line":12,"column":20},"end":{"line":142,"column":1}},"1":{"start":{"line":13,"column":34},"end":{"line":13,"column":59}},"2":{"start":{"line":14,"column":50},"end":{"line":14,"column":70}},"3":{"start":{"line":15,"column":19},"end":{"line":15,"column":32}},"4":{"start":{"line":17,"column":19},"end":{"line":17,"column":48}},"5":{"start":{"line":19,"column":2},"end":{"line":22,"column":9}},"6":{"start":{"line":20,"column":4},"end":{"line":20,"column":18}},"7":{"start":{"line":24,"column":2},"end":{"line":42,"column":9}},"8":{"start":{"line":27,"column":25},"end":{"line":36,"column":6}},"9":{"start":{"line":29,"column":6},"end":{"line":34,"column":7}},"10":{"start":{"line":33,"column":8},"end":{"line":33,"column":43}},"11":{"start":{"line":35,"column":6},"end":{"line":35,"column":38}},"12":{"start":{"line":38,"column":4},"end":{"line":40,"column":6}},"13":{"start":{"line":39,"column":6},"end":{"line":39,"column":28}},"14":{"start":{"line":44,"column":31},"end":{"line":52,"column":3}},"15":{"start":{"line":45,"column":4},"end":{"line":51,"column":5}},"16":{"start":{"line":46,"column":6},"end":{"line":50,"column":7}},"17":{"start":{"line":49,"column":8},"end":{"line":49,"column":29}},"18":{"start":{"line":54,"column":29},"end":{"line":59,"column":3}},"19":{"start":{"line":55,"column":19},"end":{"line":55,"column":73}},"20":{"start":{"line":56,"column":4},"end":{"line":58,"column":5}},"21":{"start":{"line":57,"column":6},"end":{"line":57,"column":63}},"22":{"start":{"line":61,"column":30},"end":{"line":69,"column":3}},"23":{"start":{"line":62,"column":4},"end":{"line":68,"column":5}},"24":{"start":{"line":63,"column":31},"end":{"line":63,"column":59}},"25":{"start":{"line":64,"column":6},"end":{"line":64,"column":30}},"26":{"start":{"line":66,"column":35},"end":{"line":66,"column":67}},"27":{"start":{"line":67,"column":6},"end":{"line":67,"column":34}},"28":{"start":{"line":71,"column":35},"end":{"line":87,"column":3}},"29":{"start":{"line":72,"column":4},"end":{"line":74,"column":5}},"30":{"start":{"line":73,"column":6},"end":{"line":73,"column":18}},"31":{"start":{"line":76,"column":26},"end":{"line":76,"column":79}},"32":{"start":{"line":77,"column":4},"end":{"line":79,"column":5}},"33":{"start":{"line":78,"column":6},"end":{"line":78,"column":18}},"34":{"start":{"line":81,"column":19},"end":{"line":81,"column":74}},"35":{"start":{"line":82,"column":4},"end":{"line":84,"column":5}},"36":{"start":{"line":83,"column":6},"end":{"line":83,"column":18}},"37":{"start":{"line":86,"column":4},"end":{"line":86,"column":17}},"38":{"start":{"line":89,"column":31},"end":{"line":100,"column":3}},"39":{"start":{"line":90,"column":26},"end":{"line":90,"column":75}},"40":{"start":{"line":91,"column":4},"end":{"line":93,"column":5}},"41":{"start":{"line":92,"column":6},"end":{"line":92,"column":18}},"42":{"start":{"line":95,"column":19},"end":{"line":95,"column":70}},"43":{"start":{"line":96,"column":4},"end":{"line":98,"column":5}},"44":{"start":{"line":97,"column":6},"end":{"line":97,"column":18}},"45":{"start":{"line":99,"column":4},"end":{"line":99,"column":17}},"46":{"start":{"line":102,"column":39},"end":{"line":135,"column":6}},"47":{"start":{"line":103,"column":4},"end":{"line":135,"column":6}},"48":{"start":{"line":104,"column":28},"end":{"line":104,"column":55}},"49":{"start":{"line":106,"column":6},"end":{"line":110,"column":7}},"50":{"start":{"line":107,"column":8},"end":{"line":107,"column":39}},"51":{"start":{"line":108,"column":8},"end":{"line":108,"column":45}},"52":{"start":{"line":109,"column":8},"end":{"line":109,"column":26}},"53":{"start":{"line":112,"column":6},"end":{"line":134,"column":8}},"54":{"start":{"line":114,"column":10},"end":{"line":114,"column":39}},"55":{"start":{"line":115,"column":10},"end":{"line":115,"column":76}},"56":{"start":{"line":116,"column":10},"end":{"line":116,"column":46}},"57":{"start":{"line":117,"column":10},"end":{"line":117,"column":41}},"58":{"start":{"line":118,"column":10},"end":{"line":118,"column":29}},"59":{"start":{"line":121,"column":10},"end":{"line":121,"column":41}},"60":{"start":{"line":122,"column":10},"end":{"line":122,"column":28}},"61":{"start":{"line":137,"column":2},"end":{"line":141,"column":4}}},"fnMap":{"0":{"name":"(anonymous_0)","decl":{"start":{"line":12,"column":20},"end":{"line":12,"column":21}},"loc":{"start":{"line":12,"column":47},"end":{"line":142,"column":1}},"line":12},"1":{"name":"(anonymous_1)","decl":{"start":{"line":19,"column":12},"end":{"line":19,"column":13}},"loc":{"start":{"line":19,"column":18},"end":{"line":22,"column":3}},"line":19},"2":{"name":"(anonymous_2)","decl":{"start":{"line":24,"column":12},"end":{"line":24,"column":13}},"loc":{"start":{"line":24,"column":18},"end":{"line":42,"column":3}},"line":24},"3":{"name":"(anonymous_3)","decl":{"start":{"line":27,"column":61},"end":{"line":27,"column":62}},"loc":{"start":{"line":27,"column":77},"end":{"line":36,"column":5}},"line":27},"4":{"name":"(anonymous_4)","decl":{"start":{"line":38,"column":11},"end":{"line":38,"column":12}},"loc":{"start":{"line":38,"column":17},"end":{"line":40,"column":5}},"line":38},"5":{"name":"(anonymous_5)","decl":{"start":{"line":44,"column":31},"end":{"line":44,"column":32}},"loc":{"start":{"line":44,"column":54},"end":{"line":52,"column":3}},"line":44},"6":{"name":"(anonymous_6)","decl":{"start":{"line":54,"column":29},"end":{"line":54,"column":30}},"loc":{"start":{"line":54,"column":41},"end":{"line":59,"column":3}},"line":54},"7":{"name":"(anonymous_7)","decl":{"start":{"line":61,"column":30},"end":{"line":61,"column":31}},"loc":{"start":{"line":61,"column":42},"end":{"line":69,"column":3}},"line":61},"8":{"name":"(anonymous_8)","decl":{"start":{"line":71,"column":35},"end":{"line":71,"column":36}},"loc":{"start":{"line":71,"column":47},"end":{"line":87,"column":3}},"line":71},"9":{"name":"(anonymous_9)","decl":{"start":{"line":89,"column":31},"end":{"line":89,"column":32}},"loc":{"start":{"line":89,"column":43},"end":{"line":100,"column":3}},"line":89},"10":{"name":"(anonymous_10)","decl":{"start":{"line":102,"column":39},"end":{"line":102,"column":40}},"loc":{"start":{"line":103,"column":4},"end":{"line":135,"column":6}},"line":103},"11":{"name":"(anonymous_11)","decl":{"start":{"line":103,"column":16},"end":{"line":103,"column":17}},"loc":{"start":{"line":103,"column":43},"end":{"line":135,"column":5}},"line":103},"12":{"name":"(anonymous_12)","decl":{"start":{"line":113,"column":8},"end":{"line":113,"column":9}},"loc":{"start":{"line":113,"column":35},"end":{"line":119,"column":9}},"line":113},"13":{"name":"(anonymous_13)","decl":{"start":{"line":120,"column":8},"end":{"line":120,"column":9}},"loc":{"start":{"line":120,"column":14},"end":{"line":123,"column":9}},"line":120}},"branchMap":{"0":{"loc":{"start":{"line":29,"column":6},"end":{"line":34,"column":7}},"type":"if","locations":[{"start":{"line":29,"column":6},"end":{"line":34,"column":7}},{"start":{},"end":{}}],"line":29},"1":{"loc":{"start":{"line":30,"column":8},"end":{"line":31,"column":33}},"type":"binary-expr","locations":[{"start":{"line":30,"column":8},"end":{"line":30,"column":53}},{"start":{"line":31,"column":8},"end":{"line":31,"column":33}}],"line":30},"2":{"loc":{"start":{"line":45,"column":4},"end":{"line":51,"column":5}},"type":"if","locations":[{"start":{"line":45,"column":4},"end":{"line":51,"column":5}},{"start":{},"end":{}}],"line":45},"3":{"loc":{"start":{"line":46,"column":6},"end":{"line":50,"column":7}},"type":"if","locations":[{"start":{"line":46,"column":6},"end":{"line":50,"column":7}},{"start":{},"end":{}}],"line":46},"4":{"loc":{"start":{"line":56,"column":4},"end":{"line":58,"column":5}},"type":"if","locations":[{"start":{"line":56,"column":4},"end":{"line":58,"column":5}},{"start":{},"end":{}}],"line":56},"5":{"loc":{"start":{"line":62,"column":4},"end":{"line":68,"column":5}},"type":"if","locations":[{"start":{"line":62,"column":4},"end":{"line":68,"column":5}},{"start":{"line":65,"column":11},"end":{"line":68,"column":5}}],"line":62},"6":{"loc":{"start":{"line":72,"column":4},"end":{"line":74,"column":5}},"type":"if","locations":[{"start":{"line":72,"column":4},"end":{"line":74,"column":5}},{"start":{},"end":{}}],"line":72},"7":{"loc":{"start":{"line":77,"column":4},"end":{"line":79,"column":5}},"type":"if","locations":[{"start":{"line":77,"column":4},"end":{"line":79,"column":5}},{"start":{},"end":{}}],"line":77},"8":{"loc":{"start":{"line":82,"column":4},"end":{"line":84,"column":5}},"type":"if","locations":[{"start":{"line":82,"column":4},"end":{"line":84,"column":5}},{"start":{},"end":{}}],"line":82},"9":{"loc":{"start":{"line":91,"column":4},"end":{"line":93,"column":5}},"type":"if","locations":[{"start":{"line":91,"column":4},"end":{"line":93,"column":5}},{"start":{},"end":{}}],"line":91},"10":{"loc":{"start":{"line":96,"column":4},"end":{"line":98,"column":5}},"type":"if","locations":[{"start":{"line":96,"column":4},"end":{"line":98,"column":5}},{"start":{},"end":{}}],"line":96},"11":{"loc":{"start":{"line":106,"column":6},"end":{"line":110,"column":7}},"type":"if","locations":[{"start":{"line":106,"column":6},"end":{"line":110,"column":7}},{"start":{},"end":{}}],"line":106}},"s":{"0":3,"1":6,"2":6,"3":6,"4":6,"5":6,"6":3,"7":6,"8":3,"9":0,"10":0,"11":0,"12":3,"13":1,"14":6,"15":0,"16":0,"17":0,"18":6,"19":0,"20":0,"21":0,"22":6,"23":6,"24":6,"25":4,"26":0,"27":0,"28":6,"29":0,"30":0,"31":0,"32":0,"33":0,"34":0,"35":0,"36":0,"37":0,"38":6,"39":6,"40":4,"41":4,"42":0,"43":0,"44":0,"45":0,"46":6,"47":6,"48":6,"49":4,"50":0,"51":0,"52":0,"53":4,"54":0,"55":0,"56":0,"57":0,"58":0,"59":0,"60":0,"61":6},"f":{"0":6,"1":3,"2":3,"3":0,"4":1,"5":0,"6":0,"7":6,"8":0,"9":6,"10":6,"11":6,"12":0,"13":0},"b":{"0":[0,0],"1":[0,0],"2":[0,0],"3":[0,0],"4":[0,0],"5":[6,0],"6":[0,0],"7":[0,0],"8":[0,0],"9":[4,0],"10":[0,0],"11":[0,4]},"_coverageSchema":"1a1c01bbd47fc00a2c39e90264f33305004495a9","hash":"d3e40df162e7d65b27ef6af40d00e8887d80fb4d"}
,"/Users/daniel.paduraru/projects/PaackDemo/paack-demo/appFiles/navigation/RootNavigation.tsx": {"path":"/Users/daniel.paduraru/projects/PaackDemo/paack-demo/appFiles/navigation/RootNavigation.tsx","statementMap":{"0":{"start":{"line":6,"column":29},"end":{"line":6,"column":79}},"1":{"start":{"line":25,"column":24},"end":{"line":34,"column":1}},"2":{"start":{"line":26,"column":2},"end":{"line":33,"column":3}},"3":{"start":{"line":28,"column":4},"end":{"line":28,"column":59}},"4":{"start":{"line":32,"column":4},"end":{"line":32,"column":47}}},"fnMap":{"0":{"name":"(anonymous_0)","decl":{"start":{"line":25,"column":24},"end":{"line":25,"column":25}},"loc":{"start":{"line":25,"column":78},"end":{"line":34,"column":1}},"line":25}},"branchMap":{"0":{"loc":{"start":{"line":26,"column":2},"end":{"line":33,"column":3}},"type":"if","locations":[{"start":{"line":26,"column":2},"end":{"line":33,"column":3}},{"start":{"line":29,"column":9},"end":{"line":33,"column":3}}],"line":26}},"s":{"0":5,"1":5,"2":2,"3":0,"4":2},"f":{"0":2},"b":{"0":[0,2]},"_coverageSchema":"1a1c01bbd47fc00a2c39e90264f33305004495a9","hash":"8c256287b04a6b892f6dd374f38157b97fe2fc5f"}
,"/Users/daniel.paduraru/projects/PaackDemo/paack-demo/appFiles/screens/DeliveriesScreen.tsx": {"path":"/Users/daniel.paduraru/projects/PaackDemo/paack-demo/appFiles/screens/DeliveriesScreen.tsx","statementMap":{"0":{"start":{"line":24,"column":25},"end":{"line":137,"column":1}},"1":{"start":{"line":25,"column":20},"end":{"line":25,"column":34}},"2":{"start":{"line":39,"column":6},"end":{"line":39,"column":12}},"3":{"start":{"line":40,"column":46},"end":{"line":42,"column":9}},"4":{"start":{"line":43,"column":19},"end":{"line":43,"column":32}},"5":{"start":{"line":44,"column":38},"end":{"line":44,"column":53}},"6":{"start":{"line":45,"column":2},"end":{"line":67,"column":18}},"7":{"start":{"line":46,"column":4},"end":{"line":66,"column":5}},"8":{"start":{"line":47,"column":6},"end":{"line":47,"column":26}},"9":{"start":{"line":48,"column":6},"end":{"line":65,"column":11}},"10":{"start":{"line":52,"column":12},"end":{"line":59,"column":13}},"11":{"start":{"line":53,"column":34},"end":{"line":57,"column":44}},"12":{"start":{"line":53,"column":75},"end":{"line":57,"column":15}},"13":{"start":{"line":58,"column":14},"end":{"line":58,"column":45}},"14":{"start":{"line":60,"column":12},"end":{"line":60,"column":33}},"15":{"start":{"line":63,"column":12},"end":{"line":63,"column":33}},"16":{"start":{"line":68,"column":2},"end":{"line":70,"column":29}},"17":{"start":{"line":69,"column":4},"end":{"line":69,"column":78}},"18":{"start":{"line":71,"column":24},"end":{"line":73,"column":3}},"19":{"start":{"line":72,"column":4},"end":{"line":72,"column":60}},"20":{"start":{"line":74,"column":25},"end":{"line":77,"column":4}},"21":{"start":{"line":74,"column":76},"end":{"line":77,"column":3}},"22":{"start":{"line":78,"column":23},"end":{"line":82,"column":33}},"23":{"start":{"line":79,"column":4},"end":{"line":81,"column":13}},"24":{"start":{"line":83,"column":2},"end":{"line":136,"column":4}},"25":{"start":{"line":96,"column":18},"end":{"line":129,"column":20}},"26":{"start":{"line":101,"column":37},"end":{"line":101,"column":56}},"27":{"start":{"line":138,"column":15},"end":{"line":224,"column":2}}},"fnMap":{"0":{"name":"(anonymous_0)","decl":{"start":{"line":24,"column":25},"end":{"line":24,"column":26}},"loc":{"start":{"line":24,"column":31},"end":{"line":137,"column":1}},"line":24},"1":{"name":"(anonymous_1)","decl":{"start":{"line":45,"column":12},"end":{"line":45,"column":13}},"loc":{"start":{"line":45,"column":18},"end":{"line":67,"column":3}},"line":45},"2":{"name":"(anonymous_2)","decl":{"start":{"line":51,"column":16},"end":{"line":51,"column":17}},"loc":{"start":{"line":51,"column":35},"end":{"line":61,"column":11}},"line":51},"3":{"name":"(anonymous_3)","decl":{"start":{"line":53,"column":44},"end":{"line":53,"column":45}},"loc":{"start":{"line":53,"column":75},"end":{"line":57,"column":15}},"line":53},"4":{"name":"(anonymous_4)","decl":{"start":{"line":62,"column":17},"end":{"line":62,"column":18}},"loc":{"start":{"line":62,"column":23},"end":{"line":64,"column":11}},"line":62},"5":{"name":"(anonymous_5)","decl":{"start":{"line":68,"column":12},"end":{"line":68,"column":13}},"loc":{"start":{"line":68,"column":18},"end":{"line":70,"column":3}},"line":68},"6":{"name":"(anonymous_6)","decl":{"start":{"line":71,"column":24},"end":{"line":71,"column":25}},"loc":{"start":{"line":71,"column":59},"end":{"line":73,"column":3}},"line":71},"7":{"name":"(anonymous_7)","decl":{"start":{"line":74,"column":25},"end":{"line":74,"column":26}},"loc":{"start":{"line":74,"column":76},"end":{"line":77,"column":3}},"line":74},"8":{"name":"(anonymous_8)","decl":{"start":{"line":78,"column":35},"end":{"line":78,"column":36}},"loc":{"start":{"line":78,"column":41},"end":{"line":82,"column":3}},"line":78},"9":{"name":"(anonymous_9)","decl":{"start":{"line":95,"column":36},"end":{"line":95,"column":37}},"loc":{"start":{"line":95,"column":79},"end":{"line":130,"column":17}},"line":95},"10":{"name":"(anonymous_10)","decl":{"start":{"line":101,"column":31},"end":{"line":101,"column":32}},"loc":{"start":{"line":101,"column":37},"end":{"line":101,"column":56}},"line":101}},"branchMap":{"0":{"loc":{"start":{"line":46,"column":4},"end":{"line":66,"column":5}},"type":"if","locations":[{"start":{"line":46,"column":4},"end":{"line":66,"column":5}},{"start":{},"end":{}}],"line":46},"1":{"loc":{"start":{"line":52,"column":12},"end":{"line":59,"column":13}},"type":"if","locations":[{"start":{"line":52,"column":12},"end":{"line":59,"column":13}},{"start":{},"end":{}}],"line":52},"2":{"loc":{"start":{"line":69,"column":4},"end":{"line":69,"column":77}},"type":"cond-expr","locations":[{"start":{"line":69,"column":17},"end":{"line":69,"column":45}},{"start":{"line":69,"column":48},"end":{"line":69,"column":77}}],"line":69},"3":{"loc":{"start":{"line":76,"column":6},"end":{"line":76,"column":75}},"type":"cond-expr","locations":[{"start":{"line":76,"column":30},"end":{"line":76,"column":37}},{"start":{"line":76,"column":40},"end":{"line":76,"column":75}}],"line":76},"4":{"loc":{"start":{"line":76,"column":40},"end":{"line":76,"column":75}},"type":"cond-expr","locations":[{"start":{"line":76,"column":59},"end":{"line":76,"column":67}},{"start":{"line":76,"column":70},"end":{"line":76,"column":75}}],"line":76},"5":{"loc":{"start":{"line":79,"column":11},"end":{"line":81,"column":12}},"type":"cond-expr","locations":[{"start":{"line":80,"column":6},"end":{"line":80,"column":72}},{"start":{"line":81,"column":8},"end":{"line":81,"column":12}}],"line":79},"6":{"loc":{"start":{"line":94,"column":13},"end":{"line":131,"column":30}},"type":"cond-expr","locations":[{"start":{"line":95,"column":16},"end":{"line":130,"column":18}},{"start":{"line":131,"column":16},"end":{"line":131,"column":30}}],"line":94},"7":{"loc":{"start":{"line":94,"column":13},"end":{"line":94,"column":57}},"type":"binary-expr","locations":[{"start":{"line":94,"column":13},"end":{"line":94,"column":27}},{"start":{"line":94,"column":31},"end":{"line":94,"column":57}}],"line":94},"8":{"loc":{"start":{"line":107,"column":26},"end":{"line":107,"column":61}},"type":"binary-expr","locations":[{"start":{"line":107,"column":26},"end":{"line":107,"column":31}},{"start":{"line":107,"column":35},"end":{"line":107,"column":61}}],"line":107},"9":{"loc":{"start":{"line":151,"column":16},"end":{"line":151,"column":30}},"type":"cond-expr","locations":[{"start":{"line":151,"column":24},"end":{"line":151,"column":26}},{"start":{"line":151,"column":29},"end":{"line":151,"column":30}}],"line":151}},"s":{"0":2,"1":4,"2":4,"3":4,"4":4,"5":4,"6":4,"7":2,"8":2,"9":2,"10":0,"11":0,"12":0,"13":0,"14":0,"15":0,"16":4,"17":4,"18":4,"19":0,"20":4,"21":0,"22":4,"23":4,"24":4,"25":0,"26":0,"27":2},"f":{"0":4,"1":2,"2":0,"3":0,"4":0,"5":4,"6":0,"7":0,"8":4,"9":0,"10":0},"b":{"0":[2,0],"1":[0,0],"2":[2,2],"3":[0,0],"4":[0,0],"5":[2,2],"6":[0,4],"7":[4,0],"8":[0,0],"9":[2,0]},"_coverageSchema":"1a1c01bbd47fc00a2c39e90264f33305004495a9","hash":"e384115a13dc7e896647bccc2e8a43d5cb897a7c"}
,"/Users/daniel.paduraru/projects/PaackDemo/paack-demo/appFiles/screens/IntroScreen.tsx": {"path":"/Users/daniel.paduraru/projects/PaackDemo/paack-demo/appFiles/screens/IntroScreen.tsx","statementMap":{"0":{"start":{"line":14,"column":20},"end":{"line":103,"column":1}},"1":{"start":{"line":15,"column":18},"end":{"line":15,"column":30}},"2":{"start":{"line":16,"column":20},"end":{"line":16,"column":34}},"3":{"start":{"line":17,"column":19},"end":{"line":17,"column":32}},"4":{"start":{"line":18,"column":56},"end":{"line":18,"column":71}},"5":{"start":{"line":19,"column":42},"end":{"line":19,"column":57}},"6":{"start":{"line":20,"column":24},"end":{"line":20,"column":37}},"7":{"start":{"line":21,"column":2},"end":{"line":40,"column":37}},"8":{"start":{"line":22,"column":4},"end":{"line":39,"column":5}},"9":{"start":{"line":23,"column":6},"end":{"line":38,"column":9}},"10":{"start":{"line":24,"column":8},"end":{"line":24,"column":37}},"11":{"start":{"line":25,"column":8},"end":{"line":37,"column":9}},"12":{"start":{"line":26,"column":10},"end":{"line":36,"column":12}},"13":{"start":{"line":41,"column":2},"end":{"line":43,"column":9}},"14":{"start":{"line":42,"column":4},"end":{"line":42,"column":30}},"15":{"start":{"line":44,"column":34},"end":{"line":64,"column":3}},"16":{"start":{"line":45,"column":4},"end":{"line":45,"column":33}},"17":{"start":{"line":46,"column":4},"end":{"line":63,"column":52}},"18":{"start":{"line":48,"column":8},"end":{"line":50,"column":9}},"19":{"start":{"line":49,"column":10},"end":{"line":49,"column":39}},"20":{"start":{"line":53,"column":8},"end":{"line":61,"column":9}},"21":{"start":{"line":54,"column":10},"end":{"line":60,"column":12}},"22":{"start":{"line":63,"column":21},"end":{"line":63,"column":50}},"23":{"start":{"line":65,"column":59},"end":{"line":65,"column":65}},"24":{"start":{"line":66,"column":2},"end":{"line":102,"column":4}},"25":{"start":{"line":76,"column":31},"end":{"line":76,"column":55}},"26":{"start":{"line":76,"column":52},"end":{"line":76,"column":54}},"27":{"start":{"line":90,"column":24},"end":{"line":90,"column":62}},"28":{"start":{"line":104,"column":15},"end":{"line":139,"column":2}}},"fnMap":{"0":{"name":"(anonymous_0)","decl":{"start":{"line":14,"column":20},"end":{"line":14,"column":21}},"loc":{"start":{"line":14,"column":26},"end":{"line":103,"column":1}},"line":14},"1":{"name":"(anonymous_1)","decl":{"start":{"line":21,"column":18},"end":{"line":21,"column":19}},"loc":{"start":{"line":21,"column":24},"end":{"line":40,"column":3}},"line":21},"2":{"name":"(anonymous_2)","decl":{"start":{"line":23,"column":27},"end":{"line":23,"column":28}},"loc":{"start":{"line":23,"column":41},"end":{"line":38,"column":7}},"line":23},"3":{"name":"(anonymous_3)","decl":{"start":{"line":41,"column":12},"end":{"line":41,"column":13}},"loc":{"start":{"line":41,"column":18},"end":{"line":43,"column":3}},"line":41},"4":{"name":"(anonymous_4)","decl":{"start":{"line":44,"column":34},"end":{"line":44,"column":35}},"loc":{"start":{"line":44,"column":40},"end":{"line":64,"column":3}},"line":44},"5":{"name":"(anonymous_5)","decl":{"start":{"line":47,"column":12},"end":{"line":47,"column":13}},"loc":{"start":{"line":47,"column":22},"end":{"line":51,"column":7}},"line":47},"6":{"name":"(anonymous_6)","decl":{"start":{"line":52,"column":13},"end":{"line":52,"column":14}},"loc":{"start":{"line":52,"column":23},"end":{"line":62,"column":7}},"line":52},"7":{"name":"(anonymous_7)","decl":{"start":{"line":63,"column":15},"end":{"line":63,"column":16}},"loc":{"start":{"line":63,"column":21},"end":{"line":63,"column":50}},"line":63},"8":{"name":"(anonymous_8)","decl":{"start":{"line":76,"column":25},"end":{"line":76,"column":26}},"loc":{"start":{"line":76,"column":31},"end":{"line":76,"column":55}},"line":76},"9":{"name":"(anonymous_9)","decl":{"start":{"line":76,"column":47},"end":{"line":76,"column":48}},"loc":{"start":{"line":76,"column":52},"end":{"line":76,"column":54}},"line":76},"10":{"name":"(anonymous_10)","decl":{"start":{"line":90,"column":18},"end":{"line":90,"column":19}},"loc":{"start":{"line":90,"column":24},"end":{"line":90,"column":62}},"line":90}},"branchMap":{"0":{"loc":{"start":{"line":22,"column":4},"end":{"line":39,"column":5}},"type":"if","locations":[{"start":{"line":22,"column":4},"end":{"line":39,"column":5}},{"start":{},"end":{}}],"line":22},"1":{"loc":{"start":{"line":25,"column":8},"end":{"line":37,"column":9}},"type":"if","locations":[{"start":{"line":25,"column":8},"end":{"line":37,"column":9}},{"start":{},"end":{}}],"line":25},"2":{"loc":{"start":{"line":29,"column":16},"end":{"line":31,"column":22}},"type":"cond-expr","locations":[{"start":{"line":30,"column":20},"end":{"line":30,"column":56}},{"start":{"line":31,"column":20},"end":{"line":31,"column":22}}],"line":29},"3":{"loc":{"start":{"line":48,"column":8},"end":{"line":50,"column":9}},"type":"if","locations":[{"start":{"line":48,"column":8},"end":{"line":50,"column":9}},{"start":{},"end":{}}],"line":48},"4":{"loc":{"start":{"line":53,"column":8},"end":{"line":61,"column":9}},"type":"if","locations":[{"start":{"line":53,"column":8},"end":{"line":61,"column":9}},{"start":{},"end":{}}],"line":53},"5":{"loc":{"start":{"line":75,"column":26},"end":{"line":75,"column":56}},"type":"cond-expr","locations":[{"start":{"line":75,"column":41},"end":{"line":75,"column":47}},{"start":{"line":75,"column":50},"end":{"line":75,"column":56}}],"line":75},"6":{"loc":{"start":{"line":84,"column":18},"end":{"line":84,"column":79}},"type":"cond-expr","locations":[{"start":{"line":84,"column":40},"end":{"line":84,"column":52}},{"start":{"line":84,"column":55},"end":{"line":84,"column":79}}],"line":84},"7":{"loc":{"start":{"line":97,"column":13},"end":{"line":97,"column":45}},"type":"binary-expr","locations":[{"start":{"line":97,"column":13},"end":{"line":97,"column":25}},{"start":{"line":97,"column":29},"end":{"line":97,"column":45}}],"line":97},"8":{"loc":{"start":{"line":118,"column":16},"end":{"line":118,"column":32}},"type":"cond-expr","locations":[{"start":{"line":118,"column":24},"end":{"line":118,"column":26}},{"start":{"line":118,"column":29},"end":{"line":118,"column":32}}],"line":118}},"s":{"0":1,"1":2,"2":2,"3":2,"4":2,"5":2,"6":2,"7":2,"8":2,"9":2,"10":0,"11":0,"12":0,"13":2,"14":1,"15":2,"16":1,"17":1,"18":0,"19":0,"20":0,"21":0,"22":0,"23":2,"24":2,"25":0,"26":0,"27":2,"28":1},"f":{"0":2,"1":2,"2":0,"3":1,"4":1,"5":0,"6":0,"7":0,"8":0,"9":0,"10":2},"b":{"0":[2,0],"1":[0,0],"2":[0,0],"3":[0,0],"4":[0,0],"5":[0,2],"6":[1,1],"7":[2,0],"8":[1,0]},"_coverageSchema":"1a1c01bbd47fc00a2c39e90264f33305004495a9","hash":"32fefb57cac59c7955f0f860864b7ee65adaf35a"}
,"/Users/daniel.paduraru/projects/PaackDemo/paack-demo/appFiles/services/rest/api.ts": {"path":"/Users/daniel.paduraru/projects/PaackDemo/paack-demo/appFiles/services/rest/api.ts","statementMap":{"0":{"start":{"line":5,"column":0},"end":{"line":5,"column":36}},"1":{"start":{"line":6,"column":19},"end":{"line":28,"column":1}},"2":{"start":{"line":8,"column":30},"end":{"line":12,"column":5}},"3":{"start":{"line":14,"column":49},"end":{"line":18,"column":5}},"4":{"start":{"line":20,"column":50},"end":{"line":26,"column":5}}},"fnMap":{"0":{"name":"(anonymous_0)","decl":{"start":{"line":8,"column":23},"end":{"line":8,"column":24}},"loc":{"start":{"line":8,"column":30},"end":{"line":12,"column":5}},"line":8},"1":{"name":"(anonymous_1)","decl":{"start":{"line":14,"column":24},"end":{"line":14,"column":25}},"loc":{"start":{"line":14,"column":49},"end":{"line":18,"column":5}},"line":14},"2":{"name":"(anonymous_2)","decl":{"start":{"line":20,"column":25},"end":{"line":20,"column":26}},"loc":{"start":{"line":20,"column":50},"end":{"line":26,"column":5}},"line":20}},"branchMap":{},"s":{"0":3,"1":3,"2":4,"3":4,"4":3},"f":{"0":4,"1":4,"2":3},"b":{},"_coverageSchema":"1a1c01bbd47fc00a2c39e90264f33305004495a9","hash":"46eef35eaf26dec89e50c0085944444a02e2ec2c"}
,"/Users/daniel.paduraru/projects/PaackDemo/paack-demo/appFiles/services/rest/axiosInstance.ts": {"path":"/Users/daniel.paduraru/projects/PaackDemo/paack-demo/appFiles/services/rest/axiosInstance.ts","statementMap":{"0":{"start":{"line":3,"column":29},"end":{"line":3,"column":45}},"1":{"start":{"line":5,"column":18},"end":{"line":6,"column":61}},"2":{"start":{"line":6,"column":2},"end":{"line":6,"column":61}},"3":{"start":{"line":7,"column":25},"end":{"line":9,"column":1}},"4":{"start":{"line":8,"column":2},"end":{"line":8,"column":75}},"5":{"start":{"line":12,"column":30},"end":{"line":21,"column":1}},"6":{"start":{"line":13,"column":2},"end":{"line":19,"column":3}},"7":{"start":{"line":18,"column":4},"end":{"line":18,"column":25}},"8":{"start":{"line":20,"column":2},"end":{"line":20,"column":23}},"9":{"start":{"line":23,"column":0},"end":{"line":23,"column":75}},"10":{"start":{"line":23,"column":50},"end":{"line":23,"column":73}},"11":{"start":{"line":25,"column":0},"end":{"line":28,"column":2}},"12":{"start":{"line":26,"column":14},"end":{"line":26,"column":38}},"13":{"start":{"line":27,"column":11},"end":{"line":27,"column":30}},"14":{"start":{"line":29,"column":23},"end":{"line":35,"column":1}},"15":{"start":{"line":30,"column":2},"end":{"line":33,"column":3}},"16":{"start":{"line":32,"column":4},"end":{"line":32,"column":20}},"17":{"start":{"line":34,"column":2},"end":{"line":34,"column":18}},"18":{"start":{"line":36,"column":21},"end":{"line":41,"column":1}},"19":{"start":{"line":37,"column":2},"end":{"line":39,"column":3}},"20":{"start":{"line":40,"column":2},"end":{"line":40,"column":31}}},"fnMap":{"0":{"name":"(anonymous_0)","decl":{"start":{"line":5,"column":18},"end":{"line":5,"column":19}},"loc":{"start":{"line":6,"column":2},"end":{"line":6,"column":61}},"line":6},"1":{"name":"(anonymous_1)","decl":{"start":{"line":7,"column":25},"end":{"line":7,"column":26}},"loc":{"start":{"line":7,"column":57},"end":{"line":9,"column":1}},"line":7},"2":{"name":"(anonymous_2)","decl":{"start":{"line":12,"column":30},"end":{"line":12,"column":31}},"loc":{"start":{"line":12,"column":69},"end":{"line":21,"column":1}},"line":12},"3":{"name":"(anonymous_3)","decl":{"start":{"line":23,"column":39},"end":{"line":23,"column":40}},"loc":{"start":{"line":23,"column":50},"end":{"line":23,"column":73}},"line":23},"4":{"name":"(anonymous_4)","decl":{"start":{"line":26,"column":2},"end":{"line":26,"column":3}},"loc":{"start":{"line":26,"column":14},"end":{"line":26,"column":38}},"line":26},"5":{"name":"(anonymous_5)","decl":{"start":{"line":27,"column":2},"end":{"line":27,"column":3}},"loc":{"start":{"line":27,"column":11},"end":{"line":27,"column":30}},"line":27},"6":{"name":"(anonymous_6)","decl":{"start":{"line":29,"column":23},"end":{"line":29,"column":24}},"loc":{"start":{"line":29,"column":52},"end":{"line":35,"column":1}},"line":29},"7":{"name":"(anonymous_7)","decl":{"start":{"line":36,"column":21},"end":{"line":36,"column":22}},"loc":{"start":{"line":36,"column":44},"end":{"line":41,"column":1}},"line":36}},"branchMap":{"0":{"loc":{"start":{"line":8,"column":11},"end":{"line":8,"column":73}},"type":"binary-expr","locations":[{"start":{"line":8,"column":11},"end":{"line":8,"column":46}},{"start":{"line":8,"column":50},"end":{"line":8,"column":73}}],"line":8},"1":{"loc":{"start":{"line":13,"column":2},"end":{"line":19,"column":3}},"type":"if","locations":[{"start":{"line":13,"column":2},"end":{"line":19,"column":3}},{"start":{},"end":{}}],"line":13},"2":{"loc":{"start":{"line":30,"column":2},"end":{"line":33,"column":3}},"type":"if","locations":[{"start":{"line":30,"column":2},"end":{"line":33,"column":3}},{"start":{},"end":{}}],"line":30},"3":{"loc":{"start":{"line":37,"column":2},"end":{"line":39,"column":3}},"type":"if","locations":[{"start":{"line":37,"column":2},"end":{"line":39,"column":3}},{"start":{},"end":{}}],"line":37}},"s":{"0":3,"1":3,"2":16,"3":3,"4":16,"5":3,"6":10,"7":10,"8":0,"9":3,"10":8,"11":3,"12":3,"13":3,"14":3,"15":3,"16":3,"17":0,"18":3,"19":3,"20":3},"f":{"0":16,"1":16,"2":10,"3":8,"4":3,"5":3,"6":3,"7":3},"b":{"0":[16,9],"1":[10,0],"2":[3,0],"3":[3,0]},"_coverageSchema":"1a1c01bbd47fc00a2c39e90264f33305004495a9","hash":"01f8753349b9f5084a550e6e76ccc4d58370777c"}
,"/Users/daniel.paduraru/projects/PaackDemo/paack-demo/appFiles/services/rest/deliveryService.ts": {"path":"/Users/daniel.paduraru/projects/PaackDemo/paack-demo/appFiles/services/rest/deliveryService.ts","statementMap":{"0":{"start":{"line":5,"column":33},"end":{"line":21,"column":1}},"1":{"start":{"line":6,"column":17},"end":{"line":9,"column":3}},"2":{"start":{"line":11,"column":2},"end":{"line":20,"column":5}},"3":{"start":{"line":12,"column":4},"end":{"line":19,"column":47}},"4":{"start":{"line":14,"column":8},"end":{"line":17,"column":9}},"5":{"start":{"line":15,"column":10},"end":{"line":15,"column":42}},"6":{"start":{"line":16,"column":10},"end":{"line":16,"column":32}},"7":{"start":{"line":19,"column":22},"end":{"line":19,"column":45}},"8":{"start":{"line":23,"column":34},"end":{"line":38,"column":1}},"9":{"start":{"line":24,"column":17},"end":{"line":26,"column":3}},"10":{"start":{"line":28,"column":2},"end":{"line":37,"column":5}},"11":{"start":{"line":29,"column":4},"end":{"line":36,"column":47}},"12":{"start":{"line":31,"column":8},"end":{"line":34,"column":9}},"13":{"start":{"line":32,"column":10},"end":{"line":32,"column":42}},"14":{"start":{"line":33,"column":10},"end":{"line":33,"column":32}},"15":{"start":{"line":36,"column":22},"end":{"line":36,"column":45}},"16":{"start":{"line":40,"column":35},"end":{"line":67,"column":1}},"17":{"start":{"line":50,"column":15},"end":{"line":50,"column":38}},"18":{"start":{"line":51,"column":17},"end":{"line":55,"column":3}},"19":{"start":{"line":57,"column":2},"end":{"line":66,"column":5}},"20":{"start":{"line":58,"column":4},"end":{"line":65,"column":47}},"21":{"start":{"line":60,"column":8},"end":{"line":63,"column":9}},"22":{"start":{"line":61,"column":10},"end":{"line":61,"column":42}},"23":{"start":{"line":62,"column":10},"end":{"line":62,"column":32}},"24":{"start":{"line":65,"column":22},"end":{"line":65,"column":45}}},"fnMap":{"0":{"name":"(anonymous_0)","decl":{"start":{"line":5,"column":33},"end":{"line":5,"column":34}},"loc":{"start":{"line":5,"column":39},"end":{"line":21,"column":1}},"line":5},"1":{"name":"(anonymous_1)","decl":{"start":{"line":11,"column":24},"end":{"line":11,"column":25}},"loc":{"start":{"line":11,"column":38},"end":{"line":20,"column":3}},"line":11},"2":{"name":"(anonymous_2)","decl":{"start":{"line":13,"column":12},"end":{"line":13,"column":13}},"loc":{"start":{"line":13,"column":24},"end":{"line":18,"column":7}},"line":13},"3":{"name":"(anonymous_3)","decl":{"start":{"line":19,"column":13},"end":{"line":19,"column":14}},"loc":{"start":{"line":19,"column":22},"end":{"line":19,"column":45}},"line":19},"4":{"name":"(anonymous_4)","decl":{"start":{"line":23,"column":34},"end":{"line":23,"column":35}},"loc":{"start":{"line":23,"column":58},"end":{"line":38,"column":1}},"line":23},"5":{"name":"(anonymous_5)","decl":{"start":{"line":28,"column":24},"end":{"line":28,"column":25}},"loc":{"start":{"line":28,"column":38},"end":{"line":37,"column":3}},"line":28},"6":{"name":"(anonymous_6)","decl":{"start":{"line":30,"column":12},"end":{"line":30,"column":13}},"loc":{"start":{"line":30,"column":24},"end":{"line":35,"column":7}},"line":30},"7":{"name":"(anonymous_7)","decl":{"start":{"line":36,"column":13},"end":{"line":36,"column":14}},"loc":{"start":{"line":36,"column":22},"end":{"line":36,"column":45}},"line":36},"8":{"name":"(anonymous_8)","decl":{"start":{"line":40,"column":35},"end":{"line":40,"column":36}},"loc":{"start":{"line":49,"column":5},"end":{"line":67,"column":1}},"line":49},"9":{"name":"(anonymous_9)","decl":{"start":{"line":57,"column":24},"end":{"line":57,"column":25}},"loc":{"start":{"line":57,"column":38},"end":{"line":66,"column":3}},"line":57},"10":{"name":"(anonymous_10)","decl":{"start":{"line":59,"column":12},"end":{"line":59,"column":13}},"loc":{"start":{"line":59,"column":24},"end":{"line":64,"column":7}},"line":59},"11":{"name":"(anonymous_11)","decl":{"start":{"line":65,"column":13},"end":{"line":65,"column":14}},"loc":{"start":{"line":65,"column":22},"end":{"line":65,"column":45}},"line":65}},"branchMap":{"0":{"loc":{"start":{"line":14,"column":8},"end":{"line":17,"column":9}},"type":"if","locations":[{"start":{"line":14,"column":8},"end":{"line":17,"column":9}},{"start":{},"end":{}}],"line":14},"1":{"loc":{"start":{"line":14,"column":12},"end":{"line":14,"column":54}},"type":"binary-expr","locations":[{"start":{"line":14,"column":12},"end":{"line":14,"column":36}},{"start":{"line":14,"column":40},"end":{"line":14,"column":54}}],"line":14},"2":{"loc":{"start":{"line":31,"column":8},"end":{"line":34,"column":9}},"type":"if","locations":[{"start":{"line":31,"column":8},"end":{"line":34,"column":9}},{"start":{},"end":{}}],"line":31},"3":{"loc":{"start":{"line":31,"column":12},"end":{"line":31,"column":54}},"type":"binary-expr","locations":[{"start":{"line":31,"column":12},"end":{"line":31,"column":36}},{"start":{"line":31,"column":40},"end":{"line":31,"column":54}}],"line":31},"4":{"loc":{"start":{"line":60,"column":8},"end":{"line":63,"column":9}},"type":"if","locations":[{"start":{"line":60,"column":8},"end":{"line":63,"column":9}},{"start":{},"end":{}}],"line":60},"5":{"loc":{"start":{"line":60,"column":12},"end":{"line":60,"column":54}},"type":"binary-expr","locations":[{"start":{"line":60,"column":12},"end":{"line":60,"column":36}},{"start":{"line":60,"column":40},"end":{"line":60,"column":54}}],"line":60}},"s":{"0":3,"1":3,"2":3,"3":3,"4":1,"5":1,"6":1,"7":0,"8":3,"9":3,"10":3,"11":3,"12":1,"13":1,"14":1,"15":2,"16":3,"17":2,"18":2,"19":2,"20":2,"21":1,"22":1,"23":1,"24":1},"f":{"0":3,"1":3,"2":1,"3":0,"4":3,"5":3,"6":1,"7":2,"8":2,"9":2,"10":1,"11":1},"b":{"0":[1,0],"1":[1,1],"2":[1,0],"3":[1,1],"4":[1,0],"5":[1,1]},"_coverageSchema":"1a1c01bbd47fc00a2c39e90264f33305004495a9","hash":"e098d491800b2c492317cc6599d07adab6195e82"}
}
