TN:
SF:App.tsx
FN:32,(anonymous_0)
FN:58,(anonymous_1)
FNF:2
FNH:2
FNDA:8,(anonymous_0)
FNDA:2,(anonymous_1)
DA:32,1
DA:33,8
DA:34,8
DA:58,1
DA:59,2
DA:61,2
DA:65,2
DA:96,1
LF:8
LH:8
BRDA:40,0,0,0
BRDA:40,0,1,8
BRDA:49,1,0,0
BRDA:49,1,1,8
BRDA:62,2,0,0
BRDA:62,2,1,2
BRDA:67,3,0,0
BRDA:67,3,1,2
BRDA:74,4,0,0
BRDA:74,4,1,2
BRF:10
BRH:5
end_of_record
TN:
SF:appFiles/UI/utils.ts
FN:6,(anonymous_0)
FN:26,(anonymous_1)
FN:34,(anonymous_2)
FN:44,(anonymous_3)
FN:46,(anonymous_4)
FN:47,(anonymous_5)
FNF:6
FNH:4
FNDA:3,(anonymous_0)
FNDA:11,(anonymous_1)
FNDA:11,(anonymous_2)
FNDA:2,(anonymous_3)
FNDA:0,(anonymous_4)
FNDA:0,(anonymous_5)
DA:6,11
DA:7,3
DA:17,11
DA:18,11
DA:19,11
DA:21,11
DA:26,11
DA:28,11
DA:32,11
DA:34,11
DA:36,11
DA:40,11
DA:42,11
DA:44,11
DA:45,2
DA:46,0
DA:47,0
LF:17
LH:15
BRDA:21,0,0,11
BRDA:21,0,1,0
BRDA:28,1,0,0
BRDA:28,1,1,11
BRDA:36,2,0,0
BRDA:36,2,1,11
BRF:6
BRH:3
end_of_record
TN:
SF:appFiles/UI/components/LocationCard.tsx
FN:24,(anonymous_0)
FN:26,(anonymous_1)
FN:41,(anonymous_2)
FN:47,(anonymous_3)
FN:59,(anonymous_4)
FN:61,(anonymous_5)
FNF:6
FNH:4
FNDA:2,(anonymous_0)
FNDA:0,(anonymous_1)
FNDA:4,(anonymous_2)
FNDA:2,(anonymous_3)
FNDA:1,(anonymous_4)
FNDA:0,(anonymous_5)
DA:15,2
DA:24,2
DA:25,2
DA:26,0
DA:28,2
DA:37,2
DA:39,2
DA:41,4
DA:47,2
DA:48,2
DA:49,2
DA:59,2
DA:60,1
DA:61,1
DA:62,0
DA:66,2
DA:132,2
LF:17
LH:15
BRDA:49,0,0,1
BRDA:49,0,1,1
BRDA:68,1,0,2
BRDA:68,1,1,0
BRDA:68,2,0,2
BRDA:68,2,1,2
BRF:6
BRH:5
end_of_record
TN:
SF:appFiles/UI/components/RenderField.tsx
FN:11,(anonymous_0)
FNF:1
FNH:1
FNDA:14,(anonymous_0)
DA:11,3
DA:12,14
DA:14,14
DA:15,14
DA:28,3
LF:5
LH:5
BRF:0
BRH:0
end_of_record
TN:
SF:appFiles/UI/components/buttonsActivityIndicator.tsx
FN:10,(anonymous_0)
FNF:1
FNH:1
FNDA:6,(anonymous_0)
DA:10,3
DA:15,6
DA:16,6
DA:24,3
LF:4
LH:4
BRDA:12,0,0,6
BRDA:13,1,0,6
BRDA:16,2,0,3
BRDA:16,2,1,3
BRF:4
BRH:4
end_of_record
TN:
SF:appFiles/UI/components/index.ts
FNF:0
FNH:0
LF:0
LH:0
BRF:0
BRH:0
end_of_record
TN:
SF:appFiles/UI/components/modals/InfoModal.tsx
FN:10,(anonymous_0)
FN:13,(anonymous_1)
FN:17,(anonymous_2)
FN:31,(anonymous_3)
FNF:4
FNH:1
FNDA:1,(anonymous_0)
FNDA:0,(anonymous_1)
FNDA:0,(anonymous_2)
FNDA:0,(anonymous_3)
DA:10,1
DA:13,1
DA:14,1
DA:15,1
DA:16,1
DA:17,1
DA:18,0
DA:19,0
DA:23,1
DA:31,0
DA:49,1
LF:11
LH:8
BRDA:18,0,0,0
BRDA:18,0,1,0
BRDA:23,1,0,1
BRDA:23,1,1,0
BRF:4
BRH:1
end_of_record
TN:
SF:appFiles/UI/components/modals/LoadingModal.tsx
FN:10,(anonymous_0)
FN:13,(anonymous_1)
FN:17,(anonymous_2)
FN:31,(anonymous_3)
FNF:4
FNH:1
FNDA:1,(anonymous_0)
FNDA:0,(anonymous_1)
FNDA:0,(anonymous_2)
FNDA:0,(anonymous_3)
DA:10,1
DA:13,1
DA:14,1
DA:15,1
DA:17,1
DA:18,0
DA:19,0
DA:23,1
DA:31,0
DA:49,1
LF:10
LH:7
BRDA:18,0,0,0
BRDA:18,0,1,0
BRF:2
BRH:0
end_of_record
TN:
SF:appFiles/appStore/store.ts
FNF:0
FNH:0
DA:6,7
DA:7,7
DA:8,7
LF:3
LH:3
BRF:0
BRH:0
end_of_record
TN:
SF:appFiles/appStore/actions/actionTypes.ts
FNF:0
FNH:0
DA:2,9
DA:3,9
DA:4,9
DA:5,9
DA:7,9
DA:8,9
DA:9,9
DA:10,9
DA:13,9
LF:9
LH:9
BRF:0
BRH:0
end_of_record
TN:
SF:appFiles/appStore/actions/appActions.ts
FN:9,(anonymous_0)
FN:10,(anonymous_1)
FN:15,(anonymous_2)
FN:16,(anonymous_3)
FN:22,(anonymous_4)
FN:22,(anonymous_5)
FN:29,(anonymous_6)
FN:29,(anonymous_7)
FNF:8
FNH:8
FNDA:1,(anonymous_0)
FNDA:1,(anonymous_1)
FNDA:1,(anonymous_2)
FNDA:1,(anonymous_3)
FNDA:1,(anonymous_4)
FNDA:1,(anonymous_5)
FNDA:1,(anonymous_6)
FNDA:1,(anonymous_7)
DA:9,4
DA:10,1
DA:11,1
DA:15,4
DA:16,1
DA:17,1
DA:22,4
DA:23,1
DA:29,4
DA:30,1
LF:10
LH:10
BRF:0
BRH:0
end_of_record
TN:
SF:appFiles/appStore/actions/modalActions.ts
FN:10,(anonymous_0)
FN:11,(anonymous_1)
FN:15,(anonymous_2)
FN:16,(anonymous_3)
FN:21,(anonymous_4)
FN:22,(anonymous_5)
FN:29,(anonymous_6)
FN:30,(anonymous_7)
FNF:8
FNH:8
FNDA:3,(anonymous_0)
FNDA:1,(anonymous_1)
FNDA:3,(anonymous_2)
FNDA:1,(anonymous_3)
FNDA:1,(anonymous_4)
FNDA:1,(anonymous_5)
FNDA:1,(anonymous_6)
FNDA:1,(anonymous_7)
DA:10,6
DA:11,3
DA:12,1
DA:15,6
DA:16,3
DA:17,1
DA:21,6
DA:22,1
DA:23,1
DA:29,6
DA:30,1
DA:31,1
LF:12
LH:12
BRF:0
BRH:0
end_of_record
TN:
SF:appFiles/appStore/reducers/appReducer.ts
FN:9,(anonymous_0)
FNF:1
FNH:1
FNDA:36,(anonymous_0)
DA:16,36
DA:18,1
DA:21,1
DA:24,1
DA:27,1
DA:30,32
LF:6
LH:6
BRDA:10,0,0,24
BRDA:16,1,0,1
BRDA:16,1,1,1
BRDA:16,1,2,1
BRDA:16,1,3,1
BRDA:16,1,4,32
BRF:6
BRH:6
end_of_record
TN:
SF:appFiles/appStore/reducers/index.ts
FN:20,(anonymous_0)
FNF:1
FNH:1
FNDA:15,(anonymous_0)
DA:7,8
DA:15,8
DA:20,8
DA:37,15
DA:38,15
DA:39,1
DA:41,15
LF:7
LH:7
BRDA:38,0,0,1
BRDA:38,0,1,14
BRF:2
BRH:2
end_of_record
TN:
SF:appFiles/appStore/reducers/modalReducer.ts
FN:9,(anonymous_0)
FNF:1
FNH:1
FNDA:36,(anonymous_0)
DA:16,36
DA:18,1
DA:24,1
DA:29,1
DA:38,1
DA:44,32
LF:6
LH:6
BRDA:10,0,0,24
BRDA:16,1,0,1
BRDA:16,1,1,1
BRDA:16,1,2,1
BRDA:16,1,3,1
BRDA:16,1,4,32
BRF:6
BRH:6
end_of_record
TN:
SF:appFiles/appStore/reducers/default/appReducerDefault.ts
FNF:0
FNH:0
DA:1,11
LF:1
LH:1
BRF:0
BRH:0
end_of_record
TN:
SF:appFiles/appStore/reducers/default/index.ts
FNF:0
FNH:0
DA:3,11
LF:1
LH:1
BRF:0
BRH:0
end_of_record
TN:
SF:appFiles/appStore/reducers/default/modalReducerDefault.ts
FNF:0
FNH:0
DA:1,11
LF:1
LH:1
BRF:0
BRH:0
end_of_record
TN:
SF:appFiles/hooks/useLocation.ts
FN:12,(anonymous_0)
FN:19,(anonymous_1)
FN:24,(anonymous_2)
FN:27,(anonymous_3)
FN:38,(anonymous_4)
FN:44,(anonymous_5)
FN:54,(anonymous_6)
FN:61,(anonymous_7)
FN:71,(anonymous_8)
FN:89,(anonymous_9)
FN:102,(anonymous_10)
FN:103,(anonymous_11)
FN:113,(anonymous_12)
FN:120,(anonymous_13)
FNF:14
FNH:8
FNDA:6,(anonymous_0)
FNDA:3,(anonymous_1)
FNDA:3,(anonymous_2)
FNDA:0,(anonymous_3)
FNDA:1,(anonymous_4)
FNDA:0,(anonymous_5)
FNDA:0,(anonymous_6)
FNDA:6,(anonymous_7)
FNDA:0,(anonymous_8)
FNDA:6,(anonymous_9)
FNDA:6,(anonymous_10)
FNDA:6,(anonymous_11)
FNDA:0,(anonymous_12)
FNDA:0,(anonymous_13)
DA:12,3
DA:13,6
DA:14,6
DA:15,6
DA:17,6
DA:19,6
DA:20,3
DA:24,6
DA:27,3
DA:29,0
DA:33,0
DA:35,0
DA:38,3
DA:39,1
DA:44,6
DA:45,0
DA:46,0
DA:49,0
DA:54,6
DA:55,0
DA:56,0
DA:57,0
DA:61,6
DA:62,6
DA:63,6
DA:64,4
DA:66,0
DA:67,0
DA:71,6
DA:72,0
DA:73,0
DA:76,0
DA:77,0
DA:78,0
DA:81,0
DA:82,0
DA:83,0
DA:86,0
DA:89,6
DA:90,6
DA:91,4
DA:92,4
DA:95,0
DA:96,0
DA:97,0
DA:99,0
DA:102,6
DA:103,6
DA:104,6
DA:106,4
DA:107,0
DA:108,0
DA:109,0
DA:112,4
DA:114,0
DA:115,0
DA:116,0
DA:117,0
DA:118,0
DA:121,0
DA:122,0
DA:137,6
LF:62
LH:28
BRDA:29,0,0,0
BRDA:29,0,1,0
BRDA:30,1,0,0
BRDA:30,1,1,0
BRDA:45,2,0,0
BRDA:45,2,1,0
BRDA:46,3,0,0
BRDA:46,3,1,0
BRDA:56,4,0,0
BRDA:56,4,1,0
BRDA:62,5,0,6
BRDA:62,5,1,0
BRDA:72,6,0,0
BRDA:72,6,1,0
BRDA:77,7,0,0
BRDA:77,7,1,0
BRDA:82,8,0,0
BRDA:82,8,1,0
BRDA:91,9,0,4
BRDA:91,9,1,0
BRDA:96,10,0,0
BRDA:96,10,1,0
BRDA:106,11,0,0
BRDA:106,11,1,4
BRF:24
BRH:3
end_of_record
TN:
SF:appFiles/navigation/RootNavigation.tsx
FN:25,(anonymous_0)
FNF:1
FNH:1
FNDA:2,(anonymous_0)
DA:6,5
DA:25,5
DA:26,2
DA:28,0
DA:32,2
LF:5
LH:4
BRDA:26,0,0,0
BRDA:26,0,1,2
BRF:2
BRH:1
end_of_record
TN:
SF:appFiles/screens/DeliveriesScreen.tsx
FN:24,(anonymous_0)
FN:45,(anonymous_1)
FN:51,(anonymous_2)
FN:53,(anonymous_3)
FN:62,(anonymous_4)
FN:68,(anonymous_5)
FN:71,(anonymous_6)
FN:74,(anonymous_7)
FN:78,(anonymous_8)
FN:95,(anonymous_9)
FN:101,(anonymous_10)
FNF:11
FNH:4
FNDA:4,(anonymous_0)
FNDA:2,(anonymous_1)
FNDA:0,(anonymous_2)
FNDA:0,(anonymous_3)
FNDA:0,(anonymous_4)
FNDA:4,(anonymous_5)
FNDA:0,(anonymous_6)
FNDA:0,(anonymous_7)
FNDA:4,(anonymous_8)
FNDA:0,(anonymous_9)
FNDA:0,(anonymous_10)
DA:24,2
DA:25,4
DA:39,4
DA:40,4
DA:43,4
DA:44,4
DA:45,4
DA:46,2
DA:47,2
DA:48,2
DA:52,0
DA:53,0
DA:58,0
DA:60,0
DA:63,0
DA:68,4
DA:69,4
DA:71,4
DA:72,0
DA:74,4
DA:78,4
DA:79,4
DA:83,4
DA:96,0
DA:101,0
DA:138,2
LF:26
LH:18
BRDA:46,0,0,2
BRDA:46,0,1,0
BRDA:52,1,0,0
BRDA:52,1,1,0
BRDA:69,2,0,2
BRDA:69,2,1,2
BRDA:76,3,0,0
BRDA:76,3,1,0
BRDA:76,4,0,0
BRDA:76,4,1,0
BRDA:79,5,0,2
BRDA:79,5,1,2
BRDA:94,6,0,0
BRDA:94,6,1,4
BRDA:94,7,0,4
BRDA:94,7,1,0
BRDA:107,8,0,0
BRDA:107,8,1,0
BRDA:151,9,0,2
BRDA:151,9,1,0
BRF:20
BRH:8
end_of_record
TN:
SF:appFiles/screens/IntroScreen.tsx
FN:14,(anonymous_0)
FN:21,(anonymous_1)
FN:23,(anonymous_2)
FN:41,(anonymous_3)
FN:44,(anonymous_4)
FN:47,(anonymous_5)
FN:52,(anonymous_6)
FN:63,(anonymous_7)
FN:76,(anonymous_8)
FN:76,(anonymous_9)
FN:90,(anonymous_10)
FNF:11
FNH:5
FNDA:2,(anonymous_0)
FNDA:2,(anonymous_1)
FNDA:0,(anonymous_2)
FNDA:1,(anonymous_3)
FNDA:1,(anonymous_4)
FNDA:0,(anonymous_5)
FNDA:0,(anonymous_6)
FNDA:0,(anonymous_7)
FNDA:0,(anonymous_8)
FNDA:0,(anonymous_9)
FNDA:2,(anonymous_10)
DA:14,1
DA:15,2
DA:16,2
DA:17,2
DA:18,2
DA:19,2
DA:20,2
DA:21,2
DA:22,2
DA:23,2
DA:24,0
DA:25,0
DA:26,0
DA:41,2
DA:42,1
DA:44,2
DA:45,1
DA:46,1
DA:48,0
DA:49,0
DA:53,0
DA:54,0
DA:63,0
DA:65,2
DA:66,2
DA:76,0
DA:90,2
DA:104,1
LF:28
LH:19
BRDA:22,0,0,2
BRDA:22,0,1,0
BRDA:25,1,0,0
BRDA:25,1,1,0
BRDA:29,2,0,0
BRDA:29,2,1,0
BRDA:48,3,0,0
BRDA:48,3,1,0
BRDA:53,4,0,0
BRDA:53,4,1,0
BRDA:75,5,0,0
BRDA:75,5,1,2
BRDA:84,6,0,1
BRDA:84,6,1,1
BRDA:97,7,0,2
BRDA:97,7,1,0
BRDA:118,8,0,1
BRDA:118,8,1,0
BRF:18
BRH:6
end_of_record
TN:
SF:appFiles/services/rest/api.ts
FN:8,(anonymous_0)
FN:14,(anonymous_1)
FN:20,(anonymous_2)
FNF:3
FNH:3
FNDA:4,(anonymous_0)
FNDA:4,(anonymous_1)
FNDA:3,(anonymous_2)
DA:5,3
DA:6,3
DA:8,4
DA:14,4
DA:20,3
LF:5
LH:5
BRF:0
BRH:0
end_of_record
TN:
SF:appFiles/services/rest/axiosInstance.ts
FN:5,(anonymous_0)
FN:7,(anonymous_1)
FN:12,(anonymous_2)
FN:23,(anonymous_3)
FN:26,(anonymous_4)
FN:27,(anonymous_5)
FN:29,(anonymous_6)
FN:36,(anonymous_7)
FNF:8
FNH:8
FNDA:16,(anonymous_0)
FNDA:16,(anonymous_1)
FNDA:10,(anonymous_2)
FNDA:8,(anonymous_3)
FNDA:3,(anonymous_4)
FNDA:3,(anonymous_5)
FNDA:3,(anonymous_6)
FNDA:3,(anonymous_7)
DA:3,3
DA:5,3
DA:6,16
DA:7,3
DA:8,16
DA:12,3
DA:13,10
DA:18,10
DA:20,0
DA:23,8
DA:25,3
DA:26,3
DA:27,3
DA:29,3
DA:30,3
DA:32,3
DA:34,0
DA:36,3
DA:37,3
DA:40,3
LF:20
LH:18
BRDA:8,0,0,16
BRDA:8,0,1,9
BRDA:13,1,0,10
BRDA:13,1,1,0
BRDA:30,2,0,3
BRDA:30,2,1,0
BRDA:37,3,0,3
BRDA:37,3,1,0
BRF:8
BRH:5
end_of_record
TN:
SF:appFiles/services/rest/deliveryService.ts
FN:5,(anonymous_0)
FN:11,(anonymous_1)
FN:13,(anonymous_2)
FN:19,(anonymous_3)
FN:23,(anonymous_4)
FN:28,(anonymous_5)
FN:30,(anonymous_6)
FN:36,(anonymous_7)
FN:40,(anonymous_8)
FN:57,(anonymous_9)
FN:59,(anonymous_10)
FN:65,(anonymous_11)
FNF:12
FNH:11
FNDA:3,(anonymous_0)
FNDA:3,(anonymous_1)
FNDA:1,(anonymous_2)
FNDA:0,(anonymous_3)
FNDA:3,(anonymous_4)
FNDA:3,(anonymous_5)
FNDA:1,(anonymous_6)
FNDA:2,(anonymous_7)
FNDA:2,(anonymous_8)
FNDA:2,(anonymous_9)
FNDA:1,(anonymous_10)
FNDA:1,(anonymous_11)
DA:5,3
DA:6,3
DA:11,3
DA:12,3
DA:14,1
DA:15,1
DA:16,1
DA:19,0
DA:23,3
DA:24,3
DA:28,3
DA:29,3
DA:31,1
DA:32,1
DA:33,1
DA:36,2
DA:40,3
DA:50,2
DA:51,2
DA:57,2
DA:58,2
DA:60,1
DA:61,1
DA:62,1
DA:65,1
LF:25
LH:24
BRDA:14,0,0,1
BRDA:14,0,1,0
BRDA:14,1,0,1
BRDA:14,1,1,1
BRDA:31,2,0,1
BRDA:31,2,1,0
BRDA:31,3,0,1
BRDA:31,3,1,1
BRDA:60,4,0,1
BRDA:60,4,1,0
BRDA:60,5,0,1
BRDA:60,5,1,1
BRF:12
BRH:9
end_of_record
